{"total": {"lines":{"total":6401,"covered":2801,"skipped":0,"pct":43.75},"statements":{"total":6574,"covered":2876,"skipped":0,"pct":43.74},"functions":{"total":1354,"covered":605,"skipped":0,"pct":44.68},"branches":{"total":3343,"covered":1181,"skipped":0,"pct":35.32},"branchesTrue":{"total":0,"covered":0,"skipped":0,"pct":100}}
,"/home/runner/work/dx-engine/dx-engine/apps/electron/scripts/build.ts": {"lines":{"total":22,"covered":17,"skipped":0,"pct":77.27},"functions":{"total":3,"covered":1,"skipped":0,"pct":33.33},"statements":{"total":22,"covered":17,"skipped":0,"pct":77.27},"branches":{"total":10,"covered":6,"skipped":0,"pct":60}}
,"/home/runner/work/dx-engine/dx-engine/apps/electron/scripts/notarize-mac.ts": {"lines":{"total":5,"covered":5,"skipped":0,"pct":100},"functions":{"total":1,"covered":1,"skipped":0,"pct":100},"statements":{"total":5,"covered":5,"skipped":0,"pct":100},"branches":{"total":2,"covered":2,"skipped":0,"pct":100}}
,"/home/runner/work/dx-engine/dx-engine/apps/electron/src/index.ts": {"lines":{"total":28,"covered":0,"skipped":0,"pct":0},"functions":{"total":5,"covered":0,"skipped":0,"pct":0},"statements":{"total":29,"covered":0,"skipped":0,"pct":0},"branches":{"total":8,"covered":0,"skipped":0,"pct":0}}
,"/home/runner/work/dx-engine/dx-engine/apps/electron/src/ipc.ts": {"lines":{"total":41,"covered":11,"skipped":0,"pct":26.82},"functions":{"total":7,"covered":2,"skipped":0,"pct":28.57},"statements":{"total":41,"covered":11,"skipped":0,"pct":26.82},"branches":{"total":32,"covered":0,"skipped":0,"pct":0}}
,"/home/runner/work/dx-engine/dx-engine/apps/electron/src/mainWindow.ts": {"lines":{"total":22,"covered":0,"skipped":0,"pct":0},"functions":{"total":7,"covered":0,"skipped":0,"pct":0},"statements":{"total":23,"covered":0,"skipped":0,"pct":0},"branches":{"total":18,"covered":0,"skipped":0,"pct":0}}
,"/home/runner/work/dx-engine/dx-engine/apps/electron/src/menu.ts": {"lines":{"total":17,"covered":0,"skipped":0,"pct":0},"functions":{"total":12,"covered":0,"skipped":0,"pct":0},"statements":{"total":17,"covered":0,"skipped":0,"pct":0},"branches":{"total":12,"covered":0,"skipped":0,"pct":0}}
,"/home/runner/work/dx-engine/dx-engine/apps/electron/src/messagePortIPC.ts": {"lines":{"total":97,"covered":0,"skipped":0,"pct":0},"functions":{"total":21,"covered":0,"skipped":0,"pct":0},"statements":{"total":97,"covered":0,"skipped":0,"pct":0},"branches":{"total":26,"covered":0,"skipped":0,"pct":0}}
,"/home/runner/work/dx-engine/dx-engine/apps/electron/src/nodePtyTerminal.ts": {"lines":{"total":77,"covered":0,"skipped":0,"pct":0},"functions":{"total":23,"covered":0,"skipped":0,"pct":0},"statements":{"total":77,"covered":0,"skipped":0,"pct":0},"branches":{"total":64,"covered":0,"skipped":0,"pct":0}}
,"/home/runner/work/dx-engine/dx-engine/apps/electron/src/ptyHost.ts": {"lines":{"total":156,"covered":0,"skipped":0,"pct":0},"functions":{"total":21,"covered":0,"skipped":0,"pct":0},"statements":{"total":159,"covered":0,"skipped":0,"pct":0},"branches":{"total":89,"covered":0,"skipped":0,"pct":0}}
,"/home/runner/work/dx-engine/dx-engine/apps/electron/src/ptyManager.ts": {"lines":{"total":123,"covered":0,"skipped":0,"pct":0},"functions":{"total":27,"covered":0,"skipped":0,"pct":0},"statements":{"total":125,"covered":0,"skipped":0,"pct":0},"branches":{"total":50,"covered":0,"skipped":0,"pct":0}}
,"/home/runner/work/dx-engine/dx-engine/apps/electron/src/ptyMessagePortBridge.ts": {"lines":{"total":114,"covered":0,"skipped":0,"pct":0},"functions":{"total":28,"covered":0,"skipped":0,"pct":0},"statements":{"total":114,"covered":0,"skipped":0,"pct":0},"branches":{"total":22,"covered":0,"skipped":0,"pct":0}}
,"/home/runner/work/dx-engine/dx-engine/apps/electron/src/subprocessTerminal.ts": {"lines":{"total":99,"covered":0,"skipped":0,"pct":0},"functions":{"total":23,"covered":0,"skipped":0,"pct":0},"statements":{"total":99,"covered":0,"skipped":0,"pct":0},"branches":{"total":63,"covered":0,"skipped":0,"pct":0}}
,"/home/runner/work/dx-engine/dx-engine/apps/electron/src/terminalBufferManager.ts": {"lines":{"total":125,"covered":0,"skipped":0,"pct":0},"functions":{"total":27,"covered":0,"skipped":0,"pct":0},"statements":{"total":125,"covered":0,"skipped":0,"pct":0},"branches":{"total":48,"covered":0,"skipped":0,"pct":0}}
,"/home/runner/work/dx-engine/dx-engine/apps/electron/src/terminalIPC.ts": {"lines":{"total":116,"covered":0,"skipped":0,"pct":0},"functions":{"total":22,"covered":0,"skipped":0,"pct":0},"statements":{"total":118,"covered":0,"skipped":0,"pct":0},"branches":{"total":52,"covered":0,"skipped":0,"pct":0}}
,"/home/runner/work/dx-engine/dx-engine/apps/electron/src/terminalPerformanceMonitor.ts": {"lines":{"total":134,"covered":0,"skipped":0,"pct":0},"functions":{"total":20,"covered":0,"skipped":0,"pct":0},"statements":{"total":138,"covered":0,"skipped":0,"pct":0},"branches":{"total":67,"covered":0,"skipped":0,"pct":0}}
,"/home/runner/work/dx-engine/dx-engine/apps/electron/src/terminalStrategy.ts": {"lines":{"total":81,"covered":43,"skipped":0,"pct":53.08},"functions":{"total":21,"covered":12,"skipped":0,"pct":57.14},"statements":{"total":83,"covered":44,"skipped":0,"pct":53.01},"branches":{"total":44,"covered":20,"skipped":0,"pct":45.45}}
,"/home/runner/work/dx-engine/dx-engine/apps/electron/src/webSocketTerminalServer.ts": {"lines":{"total":121,"covered":0,"skipped":0,"pct":0},"functions":{"total":33,"covered":0,"skipped":0,"pct":0},"statements":{"total":123,"covered":0,"skipped":0,"pct":0},"branches":{"total":37,"covered":0,"skipped":0,"pct":0}}
,"/home/runner/work/dx-engine/dx-engine/apps/electron/src/utils/common.ts": {"lines":{"total":5,"covered":5,"skipped":0,"pct":100},"functions":{"total":0,"covered":0,"skipped":0,"pct":100},"statements":{"total":5,"covered":5,"skipped":0,"pct":100},"branches":{"total":0,"covered":0,"skipped":0,"pct":100}}
,"/home/runner/work/dx-engine/dx-engine/apps/electron/src/utils/devConsoleFilter.ts": {"lines":{"total":25,"covered":25,"skipped":0,"pct":100},"functions":{"total":7,"covered":7,"skipped":0,"pct":100},"statements":{"total":26,"covered":26,"skipped":0,"pct":100},"branches":{"total":16,"covered":16,"skipped":0,"pct":100}}
,"/home/runner/work/dx-engine/dx-engine/apps/preload/src/index.ts": {"lines":{"total":10,"covered":3,"skipped":0,"pct":30},"functions":{"total":7,"covered":0,"skipped":0,"pct":0},"statements":{"total":10,"covered":3,"skipped":0,"pct":30},"branches":{"total":0,"covered":0,"skipped":0,"pct":100}}
,"/home/runner/work/dx-engine/dx-engine/apps/preload/src/ipcMain.ts": {"lines":{"total":19,"covered":19,"skipped":0,"pct":100},"functions":{"total":7,"covered":7,"skipped":0,"pct":100},"statements":{"total":19,"covered":19,"skipped":0,"pct":100},"branches":{"total":9,"covered":8,"skipped":0,"pct":88.88}}
,"/home/runner/work/dx-engine/dx-engine/apps/preload/src/ipcRenderer.ts": {"lines":{"total":23,"covered":23,"skipped":0,"pct":100},"functions":{"total":9,"covered":9,"skipped":0,"pct":100},"statements":{"total":23,"covered":23,"skipped":0,"pct":100},"branches":{"total":7,"covered":6,"skipped":0,"pct":85.71}}
,"/home/runner/work/dx-engine/dx-engine/apps/web/src/App.vue": {"lines":{"total":63,"covered":52,"skipped":0,"pct":82.53},"functions":{"total":16,"covered":10,"skipped":0,"pct":62.5},"statements":{"total":63,"covered":52,"skipped":0,"pct":82.53},"branches":{"total":42,"covered":7,"skipped":0,"pct":16.66}}
,"/home/runner/work/dx-engine/dx-engine/apps/web/src/main.ts": {"lines":{"total":1,"covered":1,"skipped":0,"pct":100},"functions":{"total":0,"covered":0,"skipped":0,"pct":100},"statements":{"total":1,"covered":1,"skipped":0,"pct":100},"branches":{"total":0,"covered":0,"skipped":0,"pct":100}}
,"/home/runner/work/dx-engine/dx-engine/apps/web/src/components/atoms/BaseAlert.vue": {"lines":{"total":39,"covered":30,"skipped":0,"pct":76.92},"functions":{"total":12,"covered":8,"skipped":0,"pct":66.66},"statements":{"total":40,"covered":31,"skipped":0,"pct":77.5},"branches":{"total":21,"covered":15,"skipped":0,"pct":71.42}}
,"/home/runner/work/dx-engine/dx-engine/apps/web/src/components/atoms/BaseButton.vue": {"lines":{"total":14,"covered":14,"skipped":0,"pct":100},"functions":{"total":2,"covered":2,"skipped":0,"pct":100},"statements":{"total":14,"covered":14,"skipped":0,"pct":100},"branches":{"total":4,"covered":3,"skipped":0,"pct":75}}
,"/home/runner/work/dx-engine/dx-engine/apps/web/src/components/atoms/BaseIcon.vue": {"lines":{"total":11,"covered":11,"skipped":0,"pct":100},"functions":{"total":3,"covered":3,"skipped":0,"pct":100},"statements":{"total":12,"covered":12,"skipped":0,"pct":100},"branches":{"total":4,"covered":4,"skipped":0,"pct":100}}
,"/home/runner/work/dx-engine/dx-engine/apps/web/src/components/atoms/BaseLogo.vue": {"lines":{"total":16,"covered":16,"skipped":0,"pct":100},"functions":{"total":3,"covered":3,"skipped":0,"pct":100},"statements":{"total":16,"covered":16,"skipped":0,"pct":100},"branches":{"total":6,"covered":6,"skipped":0,"pct":100}}
,"/home/runner/work/dx-engine/dx-engine/apps/web/src/components/atoms/BaseTooltip.vue": {"lines":{"total":53,"covered":26,"skipped":0,"pct":49.05},"functions":{"total":10,"covered":9,"skipped":0,"pct":90},"statements":{"total":57,"covered":30,"skipped":0,"pct":52.63},"branches":{"total":10,"covered":5,"skipped":0,"pct":50}}
,"/home/runner/work/dx-engine/dx-engine/apps/web/src/components/atoms/CtaButton.vue": {"lines":{"total":1,"covered":1,"skipped":0,"pct":100},"functions":{"total":1,"covered":1,"skipped":0,"pct":100},"statements":{"total":1,"covered":1,"skipped":0,"pct":100},"branches":{"total":2,"covered":2,"skipped":0,"pct":100}}
,"/home/runner/work/dx-engine/dx-engine/apps/web/src/components/atoms/PlayButton.vue": {"lines":{"total":10,"covered":10,"skipped":0,"pct":100},"functions":{"total":1,"covered":1,"skipped":0,"pct":100},"statements":{"total":11,"covered":11,"skipped":0,"pct":100},"branches":{"total":10,"covered":10,"skipped":0,"pct":100}}
,"/home/runner/work/dx-engine/dx-engine/apps/web/src/components/atoms/Sidebar.vue": {"lines":{"total":9,"covered":9,"skipped":0,"pct":100},"functions":{"total":4,"covered":4,"skipped":0,"pct":100},"statements":{"total":9,"covered":9,"skipped":0,"pct":100},"branches":{"total":7,"covered":6,"skipped":0,"pct":85.71}}
,"/home/runner/work/dx-engine/dx-engine/apps/web/src/components/atoms/TerminalTab.vue": {"lines":{"total":6,"covered":6,"skipped":0,"pct":100},"functions":{"total":4,"covered":4,"skipped":0,"pct":100},"statements":{"total":7,"covered":7,"skipped":0,"pct":100},"branches":{"total":6,"covered":6,"skipped":0,"pct":100}}
,"/home/runner/work/dx-engine/dx-engine/apps/web/src/components/atoms/WindowCloseButton.vue": {"lines":{"total":5,"covered":5,"skipped":0,"pct":100},"functions":{"total":1,"covered":1,"skipped":0,"pct":100},"statements":{"total":5,"covered":5,"skipped":0,"pct":100},"branches":{"total":3,"covered":2,"skipped":0,"pct":66.66}}
,"/home/runner/work/dx-engine/dx-engine/apps/web/src/components/atoms/WindowMaximizeButton.vue": {"lines":{"total":5,"covered":5,"skipped":0,"pct":100},"functions":{"total":1,"covered":1,"skipped":0,"pct":100},"statements":{"total":5,"covered":5,"skipped":0,"pct":100},"branches":{"total":8,"covered":7,"skipped":0,"pct":87.5}}
,"/home/runner/work/dx-engine/dx-engine/apps/web/src/components/atoms/WindowMinimizeButton.vue": {"lines":{"total":5,"covered":5,"skipped":0,"pct":100},"functions":{"total":1,"covered":1,"skipped":0,"pct":100},"statements":{"total":5,"covered":5,"skipped":0,"pct":100},"branches":{"total":3,"covered":2,"skipped":0,"pct":66.66}}
,"/home/runner/work/dx-engine/dx-engine/apps/web/src/components/atoms/icons/ArrowRight.vue": {"lines":{"total":1,"covered":1,"skipped":0,"pct":100},"functions":{"total":0,"covered":0,"skipped":0,"pct":100},"statements":{"total":1,"covered":1,"skipped":0,"pct":100},"branches":{"total":2,"covered":2,"skipped":0,"pct":100}}
,"/home/runner/work/dx-engine/dx-engine/apps/web/src/components/atoms/icons/Circle.vue": {"lines":{"total":0,"covered":0,"skipped":0,"pct":100},"functions":{"total":0,"covered":0,"skipped":0,"pct":100},"statements":{"total":0,"covered":0,"skipped":0,"pct":100},"branches":{"total":1,"covered":0,"skipped":0,"pct":0}}
,"/home/runner/work/dx-engine/dx-engine/apps/web/src/components/atoms/icons/Code.vue": {"lines":{"total":1,"covered":1,"skipped":0,"pct":100},"functions":{"total":0,"covered":0,"skipped":0,"pct":100},"statements":{"total":1,"covered":1,"skipped":0,"pct":100},"branches":{"total":2,"covered":2,"skipped":0,"pct":100}}
,"/home/runner/work/dx-engine/dx-engine/apps/web/src/components/atoms/icons/Eye.vue": {"lines":{"total":0,"covered":0,"skipped":0,"pct":100},"functions":{"total":0,"covered":0,"skipped":0,"pct":100},"statements":{"total":0,"covered":0,"skipped":0,"pct":100},"branches":{"total":1,"covered":1,"skipped":0,"pct":100}}
,"/home/runner/work/dx-engine/dx-engine/apps/web/src/components/atoms/icons/GitBranch.vue": {"lines":{"total":1,"covered":1,"skipped":0,"pct":100},"functions":{"total":0,"covered":0,"skipped":0,"pct":100},"statements":{"total":1,"covered":1,"skipped":0,"pct":100},"branches":{"total":2,"covered":2,"skipped":0,"pct":100}}
,"/home/runner/work/dx-engine/dx-engine/apps/web/src/components/atoms/icons/Menu.vue": {"lines":{"total":0,"covered":0,"skipped":0,"pct":100},"functions":{"total":0,"covered":0,"skipped":0,"pct":100},"statements":{"total":0,"covered":0,"skipped":0,"pct":100},"branches":{"total":1,"covered":1,"skipped":0,"pct":100}}
,"/home/runner/work/dx-engine/dx-engine/apps/web/src/components/atoms/icons/Moon.vue": {"lines":{"total":1,"covered":1,"skipped":0,"pct":100},"functions":{"total":0,"covered":0,"skipped":0,"pct":100},"statements":{"total":1,"covered":1,"skipped":0,"pct":100},"branches":{"total":2,"covered":2,"skipped":0,"pct":100}}
,"/home/runner/work/dx-engine/dx-engine/apps/web/src/components/atoms/icons/Play.vue": {"lines":{"total":0,"covered":0,"skipped":0,"pct":100},"functions":{"total":0,"covered":0,"skipped":0,"pct":100},"statements":{"total":0,"covered":0,"skipped":0,"pct":100},"branches":{"total":1,"covered":1,"skipped":0,"pct":100}}
,"/home/runner/work/dx-engine/dx-engine/apps/web/src/components/atoms/icons/Plus.vue": {"lines":{"total":0,"covered":0,"skipped":0,"pct":100},"functions":{"total":0,"covered":0,"skipped":0,"pct":100},"statements":{"total":0,"covered":0,"skipped":0,"pct":100},"branches":{"total":1,"covered":0,"skipped":0,"pct":0}}
,"/home/runner/work/dx-engine/dx-engine/apps/web/src/components/atoms/icons/Split.vue": {"lines":{"total":0,"covered":0,"skipped":0,"pct":100},"functions":{"total":0,"covered":0,"skipped":0,"pct":100},"statements":{"total":0,"covered":0,"skipped":0,"pct":100},"branches":{"total":1,"covered":0,"skipped":0,"pct":0}}
,"/home/runner/work/dx-engine/dx-engine/apps/web/src/components/atoms/icons/Square.vue": {"lines":{"total":0,"covered":0,"skipped":0,"pct":100},"functions":{"total":0,"covered":0,"skipped":0,"pct":100},"statements":{"total":0,"covered":0,"skipped":0,"pct":100},"branches":{"total":1,"covered":1,"skipped":0,"pct":100}}
,"/home/runner/work/dx-engine/dx-engine/apps/web/src/components/atoms/icons/Sun.vue": {"lines":{"total":1,"covered":1,"skipped":0,"pct":100},"functions":{"total":0,"covered":0,"skipped":0,"pct":100},"statements":{"total":1,"covered":1,"skipped":0,"pct":100},"branches":{"total":2,"covered":2,"skipped":0,"pct":100}}
,"/home/runner/work/dx-engine/dx-engine/apps/web/src/components/atoms/icons/Terminal.vue": {"lines":{"total":0,"covered":0,"skipped":0,"pct":100},"functions":{"total":0,"covered":0,"skipped":0,"pct":100},"statements":{"total":0,"covered":0,"skipped":0,"pct":100},"branches":{"total":1,"covered":1,"skipped":0,"pct":100}}
,"/home/runner/work/dx-engine/dx-engine/apps/web/src/components/atoms/icons/Timeline.vue": {"lines":{"total":0,"covered":0,"skipped":0,"pct":100},"functions":{"total":0,"covered":0,"skipped":0,"pct":100},"statements":{"total":0,"covered":0,"skipped":0,"pct":100},"branches":{"total":7,"covered":7,"skipped":0,"pct":100}}
,"/home/runner/work/dx-engine/dx-engine/apps/web/src/components/atoms/icons/X.vue": {"lines":{"total":1,"covered":1,"skipped":0,"pct":100},"functions":{"total":0,"covered":0,"skipped":0,"pct":100},"statements":{"total":1,"covered":1,"skipped":0,"pct":100},"branches":{"total":2,"covered":2,"skipped":0,"pct":100}}
,"/home/runner/work/dx-engine/dx-engine/apps/web/src/components/molecules/AdaptiveBreadcrumb.vue": {"lines":{"total":15,"covered":15,"skipped":0,"pct":100},"functions":{"total":2,"covered":2,"skipped":0,"pct":100},"statements":{"total":17,"covered":16,"skipped":0,"pct":94.11},"branches":{"total":17,"covered":16,"skipped":0,"pct":94.11}}
,"/home/runner/work/dx-engine/dx-engine/apps/web/src/components/molecules/AddressBar.vue": {"lines":{"total":48,"covered":37,"skipped":0,"pct":77.08},"functions":{"total":16,"covered":11,"skipped":0,"pct":68.75},"statements":{"total":48,"covered":37,"skipped":0,"pct":77.08},"branches":{"total":20,"covered":13,"skipped":0,"pct":65}}
,"/home/runner/work/dx-engine/dx-engine/apps/web/src/components/molecules/CodeBlockComponent.vue": {"lines":{"total":47,"covered":33,"skipped":0,"pct":70.21},"functions":{"total":7,"covered":5,"skipped":0,"pct":71.42},"statements":{"total":47,"covered":33,"skipped":0,"pct":70.21},"branches":{"total":20,"covered":20,"skipped":0,"pct":100}}
,"/home/runner/work/dx-engine/dx-engine/apps/web/src/components/molecules/ModeSelector.vue": {"lines":{"total":14,"covered":14,"skipped":0,"pct":100},"functions":{"total":3,"covered":3,"skipped":0,"pct":100},"statements":{"total":14,"covered":14,"skipped":0,"pct":100},"branches":{"total":2,"covered":2,"skipped":0,"pct":100}}
,"/home/runner/work/dx-engine/dx-engine/apps/web/src/components/molecules/OnboardingTaskCard.vue": {"lines":{"total":16,"covered":16,"skipped":0,"pct":100},"functions":{"total":3,"covered":3,"skipped":0,"pct":100},"statements":{"total":16,"covered":16,"skipped":0,"pct":100},"branches":{"total":6,"covered":6,"skipped":0,"pct":100}}
,"/home/runner/work/dx-engine/dx-engine/apps/web/src/components/molecules/TerminalTabBar.vue": {"lines":{"total":11,"covered":11,"skipped":0,"pct":100},"functions":{"total":5,"covered":5,"skipped":0,"pct":100},"statements":{"total":11,"covered":11,"skipped":0,"pct":100},"branches":{"total":2,"covered":2,"skipped":0,"pct":100}}
,"/home/runner/work/dx-engine/dx-engine/apps/web/src/components/molecules/WindowControls.vue": {"lines":{"total":10,"covered":10,"skipped":0,"pct":100},"functions":{"total":2,"covered":2,"skipped":0,"pct":100},"statements":{"total":10,"covered":10,"skipped":0,"pct":100},"branches":{"total":2,"covered":2,"skipped":0,"pct":100}}
,"/home/runner/work/dx-engine/dx-engine/apps/web/src/components/organisms/ChatPanel.vue": {"lines":{"total":38,"covered":37,"skipped":0,"pct":97.36},"functions":{"total":10,"covered":9,"skipped":0,"pct":90},"statements":{"total":39,"covered":37,"skipped":0,"pct":94.87},"branches":{"total":29,"covered":23,"skipped":0,"pct":79.31}}
,"/home/runner/work/dx-engine/dx-engine/apps/web/src/components/organisms/CodeSidebar.vue": {"lines":{"total":44,"covered":38,"skipped":0,"pct":86.36},"functions":{"total":12,"covered":11,"skipped":0,"pct":91.66},"statements":{"total":44,"covered":38,"skipped":0,"pct":86.36},"branches":{"total":24,"covered":19,"skipped":0,"pct":79.16}}
,"/home/runner/work/dx-engine/dx-engine/apps/web/src/components/organisms/DiffViewer.vue": {"lines":{"total":42,"covered":41,"skipped":0,"pct":97.61},"functions":{"total":11,"covered":11,"skipped":0,"pct":100},"statements":{"total":44,"covered":43,"skipped":0,"pct":97.72},"branches":{"total":18,"covered":15,"skipped":0,"pct":83.33}}
,"/home/runner/work/dx-engine/dx-engine/apps/web/src/components/organisms/GenerativeSidebar.vue": {"lines":{"total":19,"covered":17,"skipped":0,"pct":89.47},"functions":{"total":3,"covered":3,"skipped":0,"pct":100},"statements":{"total":19,"covered":17,"skipped":0,"pct":89.47},"branches":{"total":7,"covered":5,"skipped":0,"pct":71.42}}
,"/home/runner/work/dx-engine/dx-engine/apps/web/src/components/organisms/NotificationContainer.vue": {"lines":{"total":16,"covered":9,"skipped":0,"pct":56.25},"functions":{"total":5,"covered":1,"skipped":0,"pct":20},"statements":{"total":17,"covered":9,"skipped":0,"pct":52.94},"branches":{"total":14,"covered":0,"skipped":0,"pct":0}}
,"/home/runner/work/dx-engine/dx-engine/apps/web/src/components/organisms/OnboardingProjectSelection.vue": {"lines":{"total":66,"covered":44,"skipped":0,"pct":66.66},"functions":{"total":9,"covered":7,"skipped":0,"pct":77.77},"statements":{"total":66,"covered":44,"skipped":0,"pct":66.66},"branches":{"total":42,"covered":28,"skipped":0,"pct":66.66}}
,"/home/runner/work/dx-engine/dx-engine/apps/web/src/components/organisms/OnboardingTaskDetail.vue": {"lines":{"total":40,"covered":15,"skipped":0,"pct":37.5},"functions":{"total":11,"covered":0,"skipped":0,"pct":0},"statements":{"total":41,"covered":15,"skipped":0,"pct":36.58},"branches":{"total":18,"covered":0,"skipped":0,"pct":0}}
,"/home/runner/work/dx-engine/dx-engine/apps/web/src/components/organisms/OnboardingTaskSelection.vue": {"lines":{"total":13,"covered":13,"skipped":0,"pct":100},"functions":{"total":3,"covered":3,"skipped":0,"pct":100},"statements":{"total":13,"covered":13,"skipped":0,"pct":100},"branches":{"total":3,"covered":2,"skipped":0,"pct":66.66}}
,"/home/runner/work/dx-engine/dx-engine/apps/web/src/components/organisms/OnboardingTransition.vue": {"lines":{"total":47,"covered":12,"skipped":0,"pct":25.53},"functions":{"total":9,"covered":0,"skipped":0,"pct":0},"statements":{"total":48,"covered":12,"skipped":0,"pct":25},"branches":{"total":27,"covered":0,"skipped":0,"pct":0}}
,"/home/runner/work/dx-engine/dx-engine/apps/web/src/components/organisms/OnboardingWelcome.vue": {"lines":{"total":15,"covered":15,"skipped":0,"pct":100},"functions":{"total":3,"covered":3,"skipped":0,"pct":100},"statements":{"total":15,"covered":15,"skipped":0,"pct":100},"branches":{"total":9,"covered":9,"skipped":0,"pct":100}}
,"/home/runner/work/dx-engine/dx-engine/apps/web/src/components/organisms/QualityPipeline.vue": {"lines":{"total":53,"covered":44,"skipped":0,"pct":83.01},"functions":{"total":18,"covered":16,"skipped":0,"pct":88.88},"statements":{"total":59,"covered":48,"skipped":0,"pct":81.35},"branches":{"total":55,"covered":41,"skipped":0,"pct":74.54}}
,"/home/runner/work/dx-engine/dx-engine/apps/web/src/components/organisms/TerminalPanel.vue": {"lines":{"total":55,"covered":35,"skipped":0,"pct":63.63},"functions":{"total":19,"covered":9,"skipped":0,"pct":47.36},"statements":{"total":57,"covered":36,"skipped":0,"pct":63.15},"branches":{"total":26,"covered":12,"skipped":0,"pct":46.15}}
,"/home/runner/work/dx-engine/dx-engine/apps/web/src/components/organisms/TerminalView.vue": {"lines":{"total":560,"covered":56,"skipped":0,"pct":10},"functions":{"total":75,"covered":7,"skipped":0,"pct":9.33},"statements":{"total":569,"covered":58,"skipped":0,"pct":10.19},"branches":{"total":341,"covered":2,"skipped":0,"pct":0.58}}
,"/home/runner/work/dx-engine/dx-engine/apps/web/src/components/organisms/TimelineSidebar.vue": {"lines":{"total":98,"covered":63,"skipped":0,"pct":64.28},"functions":{"total":24,"covered":12,"skipped":0,"pct":50},"statements":{"total":102,"covered":65,"skipped":0,"pct":63.72},"branches":{"total":37,"covered":17,"skipped":0,"pct":45.94}}
,"/home/runner/work/dx-engine/dx-engine/apps/web/src/components/organisms/VisualSidebar.vue": {"lines":{"total":23,"covered":16,"skipped":0,"pct":69.56},"functions":{"total":5,"covered":3,"skipped":0,"pct":60},"statements":{"total":23,"covered":16,"skipped":0,"pct":69.56},"branches":{"total":12,"covered":5,"skipped":0,"pct":41.66}}
,"/home/runner/work/dx-engine/dx-engine/apps/web/src/components/templates/UnifiedFrame.vue": {"lines":{"total":83,"covered":48,"skipped":0,"pct":57.83},"functions":{"total":17,"covered":9,"skipped":0,"pct":52.94},"statements":{"total":85,"covered":49,"skipped":0,"pct":57.64},"branches":{"total":30,"covered":16,"skipped":0,"pct":53.33}}
,"/home/runner/work/dx-engine/dx-engine/apps/web/src/composables/useBreadcrumbContext.ts": {"lines":{"total":52,"covered":52,"skipped":0,"pct":100},"functions":{"total":9,"covered":9,"skipped":0,"pct":100},"statements":{"total":52,"covered":52,"skipped":0,"pct":100},"branches":{"total":15,"covered":14,"skipped":0,"pct":93.33}}
,"/home/runner/work/dx-engine/dx-engine/apps/web/src/composables/useChatSidebar.ts": {"lines":{"total":78,"covered":73,"skipped":0,"pct":93.58},"functions":{"total":14,"covered":14,"skipped":0,"pct":100},"statements":{"total":81,"covered":76,"skipped":0,"pct":93.82},"branches":{"total":28,"covered":23,"skipped":0,"pct":82.14}}
,"/home/runner/work/dx-engine/dx-engine/apps/web/src/composables/useNotifications.ts": {"lines":{"total":36,"covered":36,"skipped":0,"pct":100},"functions":{"total":16,"covered":16,"skipped":0,"pct":100},"statements":{"total":38,"covered":38,"skipped":0,"pct":100},"branches":{"total":14,"covered":13,"skipped":0,"pct":92.85}}
,"/home/runner/work/dx-engine/dx-engine/apps/web/src/composables/useOnboarding.ts": {"lines":{"total":96,"covered":79,"skipped":0,"pct":82.29},"functions":{"total":23,"covered":20,"skipped":0,"pct":86.95},"statements":{"total":99,"covered":82,"skipped":0,"pct":82.82},"branches":{"total":45,"covered":25,"skipped":0,"pct":55.55}}
,"/home/runner/work/dx-engine/dx-engine/apps/web/src/composables/useSidebarResize.ts": {"lines":{"total":59,"covered":50,"skipped":0,"pct":84.74},"functions":{"total":10,"covered":8,"skipped":0,"pct":80},"statements":{"total":60,"covered":51,"skipped":0,"pct":85},"branches":{"total":22,"covered":14,"skipped":0,"pct":63.63}}
,"/home/runner/work/dx-engine/dx-engine/apps/web/src/composables/useSmartTruncation.ts": {"lines":{"total":70,"covered":57,"skipped":0,"pct":81.42},"functions":{"total":10,"covered":8,"skipped":0,"pct":80},"statements":{"total":77,"covered":62,"skipped":0,"pct":80.51},"branches":{"total":27,"covered":22,"skipped":0,"pct":81.48}}
,"/home/runner/work/dx-engine/dx-engine/apps/web/src/composables/useTerminalManager.ts": {"lines":{"total":95,"covered":59,"skipped":0,"pct":62.1},"functions":{"total":24,"covered":13,"skipped":0,"pct":54.16},"statements":{"total":102,"covered":62,"skipped":0,"pct":60.78},"branches":{"total":69,"covered":42,"skipped":0,"pct":60.86}}
,"/home/runner/work/dx-engine/dx-engine/apps/web/src/composables/useTerminalModeDetector.ts": {"lines":{"total":138,"covered":22,"skipped":0,"pct":15.94},"functions":{"total":27,"covered":2,"skipped":0,"pct":7.4},"statements":{"total":143,"covered":23,"skipped":0,"pct":16.08},"branches":{"total":58,"covered":2,"skipped":0,"pct":3.44}}
,"/home/runner/work/dx-engine/dx-engine/apps/web/src/composables/useTheme.ts": {"lines":{"total":44,"covered":34,"skipped":0,"pct":77.27},"functions":{"total":12,"covered":11,"skipped":0,"pct":91.66},"statements":{"total":44,"covered":34,"skipped":0,"pct":77.27},"branches":{"total":22,"covered":13,"skipped":0,"pct":59.09}}
,"/home/runner/work/dx-engine/dx-engine/apps/web/src/composables/useWindowControls.ts": {"lines":{"total":37,"covered":29,"skipped":0,"pct":78.37},"functions":{"total":9,"covered":6,"skipped":0,"pct":66.66},"statements":{"total":37,"covered":29,"skipped":0,"pct":78.37},"branches":{"total":16,"covered":7,"skipped":0,"pct":43.75}}
,"/home/runner/work/dx-engine/dx-engine/apps/web/src/stores/theme.ts": {"lines":{"total":18,"covered":18,"skipped":0,"pct":100},"functions":{"total":6,"covered":6,"skipped":0,"pct":100},"statements":{"total":20,"covered":20,"skipped":0,"pct":100},"branches":{"total":4,"covered":4,"skipped":0,"pct":100}}
,"/home/runner/work/dx-engine/dx-engine/scripts/coverage-check.ts": {"lines":{"total":39,"covered":38,"skipped":0,"pct":97.43},"functions":{"total":2,"covered":2,"skipped":0,"pct":100},"statements":{"total":39,"covered":38,"skipped":0,"pct":97.43},"branches":{"total":14,"covered":13,"skipped":0,"pct":92.85}}
,"/home/runner/work/dx-engine/dx-engine/scripts/generate-icons.ts": {"lines":{"total":97,"covered":70,"skipped":0,"pct":72.16},"functions":{"total":11,"covered":9,"skipped":0,"pct":81.81},"statements":{"total":98,"covered":71,"skipped":0,"pct":72.44},"branches":{"total":28,"covered":16,"skipped":0,"pct":57.14}}
,"/home/runner/work/dx-engine/dx-engine/scripts/setup-env.ts": {"lines":{"total":19,"covered":19,"skipped":0,"pct":100},"functions":{"total":2,"covered":2,"skipped":0,"pct":100},"statements":{"total":19,"covered":19,"skipped":0,"pct":100},"branches":{"total":8,"covered":8,"skipped":0,"pct":100}}
,"/home/runner/work/dx-engine/dx-engine/scripts/translate-docs.ts": {"lines":{"total":85,"covered":9,"skipped":0,"pct":10.58},"functions":{"total":15,"covered":0,"skipped":0,"pct":0},"statements":{"total":86,"covered":9,"skipped":0,"pct":10.46},"branches":{"total":30,"covered":2,"skipped":0,"pct":6.66}}
,"/home/runner/work/dx-engine/dx-engine/scripts/version-bump.ts": {"lines":{"total":62,"covered":42,"skipped":0,"pct":67.74},"functions":{"total":6,"covered":4,"skipped":0,"pct":66.66},"statements":{"total":62,"covered":42,"skipped":0,"pct":67.74},"branches":{"total":14,"covered":5,"skipped":0,"pct":35.71}}
,"/home/runner/work/dx-engine/dx-engine/universal/git-genius/src/index.ts": {"lines":{"total":14,"covered":12,"skipped":0,"pct":85.71},"functions":{"total":4,"covered":4,"skipped":0,"pct":100},"statements":{"total":14,"covered":12,"skipped":0,"pct":85.71},"branches":{"total":8,"covered":7,"skipped":0,"pct":87.5}}
,"/home/runner/work/dx-engine/dx-engine/universal/git-genius/src/cache/CacheManager.ts": {"lines":{"total":136,"covered":9,"skipped":0,"pct":6.61},"functions":{"total":26,"covered":3,"skipped":0,"pct":11.53},"statements":{"total":136,"covered":9,"skipped":0,"pct":6.61},"branches":{"total":63,"covered":12,"skipped":0,"pct":19.04}}
,"/home/runner/work/dx-engine/dx-engine/universal/git-genius/src/core/EnhancedGitRunner.ts": {"lines":{"total":153,"covered":3,"skipped":0,"pct":1.96},"functions":{"total":53,"covered":1,"skipped":0,"pct":1.88},"statements":{"total":157,"covered":3,"skipped":0,"pct":1.91},"branches":{"total":119,"covered":0,"skipped":0,"pct":0}}
,"/home/runner/work/dx-engine/dx-engine/universal/git-genius/src/core/GitEngine.ts": {"lines":{"total":347,"covered":0,"skipped":0,"pct":0},"functions":{"total":46,"covered":0,"skipped":0,"pct":0},"statements":{"total":368,"covered":0,"skipped":0,"pct":0},"branches":{"total":241,"covered":0,"skipped":0,"pct":0}}
,"/home/runner/work/dx-engine/dx-engine/universal/git-genius/src/core/RepositoryManager.ts": {"lines":{"total":132,"covered":9,"skipped":0,"pct":6.81},"functions":{"total":32,"covered":2,"skipped":0,"pct":6.25},"statements":{"total":133,"covered":9,"skipped":0,"pct":6.76},"branches":{"total":92,"covered":7,"skipped":0,"pct":7.6}}
,"/home/runner/work/dx-engine/dx-engine/universal/git-genius/src/timeline/DiffEngine.ts": {"lines":{"total":3,"covered":0,"skipped":0,"pct":0},"functions":{"total":3,"covered":0,"skipped":0,"pct":0},"statements":{"total":3,"covered":0,"skipped":0,"pct":0},"branches":{"total":0,"covered":0,"skipped":0,"pct":100}}
,"/home/runner/work/dx-engine/dx-engine/universal/git-genius/src/timeline/TimelineController.ts": {"lines":{"total":5,"covered":0,"skipped":0,"pct":0},"functions":{"total":4,"covered":0,"skipped":0,"pct":0},"statements":{"total":5,"covered":0,"skipped":0,"pct":0},"branches":{"total":0,"covered":0,"skipped":0,"pct":100}}
,"/home/runner/work/dx-engine/dx-engine/universal/git-genius/src/types/index.ts": {"lines":{"total":1,"covered":0,"skipped":0,"pct":0},"functions":{"total":0,"covered":0,"skipped":0,"pct":100},"statements":{"total":1,"covered":0,"skipped":0,"pct":0},"branches":{"total":0,"covered":0,"skipped":0,"pct":100}}
,"/home/runner/work/dx-engine/dx-engine/universal/git-genius/src/utils/GitUtils.ts": {"lines":{"total":63,"covered":21,"skipped":0,"pct":33.33},"functions":{"total":17,"covered":7,"skipped":0,"pct":41.17},"statements":{"total":65,"covered":21,"skipped":0,"pct":32.3},"branches":{"total":42,"covered":4,"skipped":0,"pct":9.52}}
,"/home/runner/work/dx-engine/dx-engine/universal/git-genius/src/utils/Logger.ts": {"lines":{"total":51,"covered":9,"skipped":0,"pct":17.64},"functions":{"total":13,"covered":3,"skipped":0,"pct":23.07},"statements":{"total":52,"covered":10,"skipped":0,"pct":19.23},"branches":{"total":31,"covered":12,"skipped":0,"pct":38.7}}
,"/home/runner/work/dx-engine/dx-engine/universal/puppeteer-google-translate/src/ISO-639-code.ts": {"lines":{"total":1,"covered":1,"skipped":0,"pct":100},"functions":{"total":0,"covered":0,"skipped":0,"pct":100},"statements":{"total":1,"covered":1,"skipped":0,"pct":100},"branches":{"total":0,"covered":0,"skipped":0,"pct":100}}
,"/home/runner/work/dx-engine/dx-engine/universal/puppeteer-google-translate/src/google-translator.ts": {"lines":{"total":89,"covered":89,"skipped":0,"pct":100},"functions":{"total":17,"covered":17,"skipped":0,"pct":100},"statements":{"total":91,"covered":91,"skipped":0,"pct":100},"branches":{"total":56,"covered":50,"skipped":0,"pct":89.28}}
,"/home/runner/work/dx-engine/dx-engine/universal/puppeteer-google-translate/src/index.ts": {"lines":{"total":4,"covered":4,"skipped":0,"pct":100},"functions":{"total":1,"covered":1,"skipped":0,"pct":100},"statements":{"total":4,"covered":4,"skipped":0,"pct":100},"branches":{"total":2,"covered":2,"skipped":0,"pct":100}}
,"/home/runner/work/dx-engine/dx-engine/universal/puppeteer-google-translate/src/factories/BrowserFactory.ts": {"lines":{"total":14,"covered":14,"skipped":0,"pct":100},"functions":{"total":6,"covered":6,"skipped":0,"pct":100},"statements":{"total":14,"covered":14,"skipped":0,"pct":100},"branches":{"total":8,"covered":8,"skipped":0,"pct":100}}
,"/home/runner/work/dx-engine/dx-engine/universal/puppeteer-google-translate/src/types/index.ts": {"lines":{"total":10,"covered":10,"skipped":0,"pct":100},"functions":{"total":2,"covered":2,"skipped":0,"pct":100},"statements":{"total":10,"covered":10,"skipped":0,"pct":100},"branches":{"total":0,"covered":0,"skipped":0,"pct":100}}
,"/home/runner/work/dx-engine/dx-engine/universal/terminal-system/scripts/electron-console-debug.js": {"lines":{"total":31,"covered":0,"skipped":0,"pct":0},"functions":{"total":5,"covered":0,"skipped":0,"pct":0},"statements":{"total":31,"covered":0,"skipped":0,"pct":0},"branches":{"total":12,"covered":0,"skipped":0,"pct":0}}
,"/home/runner/work/dx-engine/dx-engine/universal/terminal-system/scripts/test-node-pty.ts": {"lines":{"total":46,"covered":0,"skipped":0,"pct":0},"functions":{"total":6,"covered":0,"skipped":0,"pct":0},"statements":{"total":46,"covered":0,"skipped":0,"pct":0},"branches":{"total":18,"covered":0,"skipped":0,"pct":0}}
,"/home/runner/work/dx-engine/dx-engine/universal/terminal-system/src/commands/CommandRunner.ts": {"lines":{"total":90,"covered":78,"skipped":0,"pct":86.66},"functions":{"total":18,"covered":14,"skipped":0,"pct":77.77},"statements":{"total":90,"covered":78,"skipped":0,"pct":86.66},"branches":{"total":42,"covered":30,"skipped":0,"pct":71.42}}
,"/home/runner/work/dx-engine/dx-engine/universal/terminal-system/src/commands/GitRunner.ts": {"lines":{"total":108,"covered":97,"skipped":0,"pct":89.81},"functions":{"total":19,"covered":19,"skipped":0,"pct":100},"statements":{"total":109,"covered":98,"skipped":0,"pct":89.9},"branches":{"total":102,"covered":79,"skipped":0,"pct":77.45}}
,"/home/runner/work/dx-engine/dx-engine/universal/terminal-system/src/commands/TaskRunner.ts": {"lines":{"total":89,"covered":52,"skipped":0,"pct":58.42},"functions":{"total":29,"covered":22,"skipped":0,"pct":75.86},"statements":{"total":96,"covered":53,"skipped":0,"pct":55.2},"branches":{"total":54,"covered":23,"skipped":0,"pct":42.59}}
,"/home/runner/work/dx-engine/dx-engine/universal/terminal-system/src/core/BackendDetector.ts": {"lines":{"total":48,"covered":18,"skipped":0,"pct":37.5},"functions":{"total":6,"covered":3,"skipped":0,"pct":50},"statements":{"total":52,"covered":22,"skipped":0,"pct":42.3},"branches":{"total":25,"covered":11,"skipped":0,"pct":44}}
,"/home/runner/work/dx-engine/dx-engine/universal/terminal-system/src/core/EnhancedTerminalFactory.ts": {"lines":{"total":45,"covered":44,"skipped":0,"pct":97.77},"functions":{"total":5,"covered":5,"skipped":0,"pct":100},"statements":{"total":45,"covered":44,"skipped":0,"pct":97.77},"branches":{"total":16,"covered":13,"skipped":0,"pct":81.25}}
,"/home/runner/work/dx-engine/dx-engine/universal/terminal-system/src/core/EventEmitter.ts": {"lines":{"total":28,"covered":28,"skipped":0,"pct":100},"functions":{"total":7,"covered":7,"skipped":0,"pct":100},"statements":{"total":28,"covered":28,"skipped":0,"pct":100},"branches":{"total":12,"covered":12,"skipped":0,"pct":100}}
,"/home/runner/work/dx-engine/dx-engine/universal/terminal-system/src/core/IPCBridge.ts": {"lines":{"total":69,"covered":65,"skipped":0,"pct":94.2},"functions":{"total":16,"covered":16,"skipped":0,"pct":100},"statements":{"total":69,"covered":65,"skipped":0,"pct":94.2},"branches":{"total":24,"covered":18,"skipped":0,"pct":75}}
,"/home/runner/work/dx-engine/dx-engine/universal/terminal-system/src/core/NodePtyBackend.ts": {"lines":{"total":54,"covered":52,"skipped":0,"pct":96.29},"functions":{"total":12,"covered":12,"skipped":0,"pct":100},"statements":{"total":54,"covered":52,"skipped":0,"pct":96.29},"branches":{"total":23,"covered":21,"skipped":0,"pct":91.3}}
,"/home/runner/work/dx-engine/dx-engine/universal/terminal-system/src/core/ProcessManager.ts": {"lines":{"total":72,"covered":72,"skipped":0,"pct":100},"functions":{"total":11,"covered":11,"skipped":0,"pct":100},"statements":{"total":72,"covered":72,"skipped":0,"pct":100},"branches":{"total":27,"covered":27,"skipped":0,"pct":100}}
,"/home/runner/work/dx-engine/dx-engine/universal/terminal-system/src/core/SubprocessBackend.ts": {"lines":{"total":53,"covered":45,"skipped":0,"pct":84.9},"functions":{"total":14,"covered":13,"skipped":0,"pct":92.85},"statements":{"total":53,"covered":45,"skipped":0,"pct":84.9},"branches":{"total":32,"covered":23,"skipped":0,"pct":71.87}}
,"/home/runner/work/dx-engine/dx-engine/universal/terminal-system/src/core/TerminalBackend.ts": {"lines":{"total":5,"covered":5,"skipped":0,"pct":100},"functions":{"total":3,"covered":3,"skipped":0,"pct":100},"statements":{"total":5,"covered":5,"skipped":0,"pct":100},"branches":{"total":6,"covered":6,"skipped":0,"pct":100}}
,"/home/runner/work/dx-engine/dx-engine/universal/terminal-system/src/core/TerminalManager.ts": {"lines":{"total":83,"covered":33,"skipped":0,"pct":39.75},"functions":{"total":17,"covered":11,"skipped":0,"pct":64.7},"statements":{"total":85,"covered":33,"skipped":0,"pct":38.82},"branches":{"total":21,"covered":4,"skipped":0,"pct":19.04}}
,"/home/runner/work/dx-engine/dx-engine/universal/terminal-system/src/terminal/TabManager.ts": {"lines":{"total":145,"covered":76,"skipped":0,"pct":52.41},"functions":{"total":36,"covered":14,"skipped":0,"pct":38.88},"statements":{"total":153,"covered":77,"skipped":0,"pct":50.32},"branches":{"total":70,"covered":34,"skipped":0,"pct":48.57}}
,"/home/runner/work/dx-engine/dx-engine/universal/terminal-system/src/terminal/TerminalInstance.ts": {"lines":{"total":107,"covered":95,"skipped":0,"pct":88.78},"functions":{"total":25,"covered":21,"skipped":0,"pct":84},"statements":{"total":116,"covered":104,"skipped":0,"pct":89.65},"branches":{"total":88,"covered":68,"skipped":0,"pct":77.27}}
,"/home/runner/work/dx-engine/dx-engine/universal/terminal-system/src/terminal/TerminalUI.ts": {"lines":{"total":180,"covered":164,"skipped":0,"pct":91.11},"functions":{"total":31,"covered":24,"skipped":0,"pct":77.41},"statements":{"total":202,"covered":176,"skipped":0,"pct":87.12},"branches":{"total":87,"covered":57,"skipped":0,"pct":65.51}}
,"/home/runner/work/dx-engine/dx-engine/universal/terminal-system/src/types/ipc.ts": {"lines":{"total":1,"covered":0,"skipped":0,"pct":0},"functions":{"total":0,"covered":0,"skipped":0,"pct":100},"statements":{"total":1,"covered":0,"skipped":0,"pct":0},"branches":{"total":0,"covered":0,"skipped":0,"pct":100}}
,"/home/runner/work/dx-engine/dx-engine/universal/terminal-system/src/utils/logger.ts": {"lines":{"total":8,"covered":8,"skipped":0,"pct":100},"functions":{"total":6,"covered":6,"skipped":0,"pct":100},"statements":{"total":8,"covered":8,"skipped":0,"pct":100},"branches":{"total":3,"covered":3,"skipped":0,"pct":100}}
,"/home/runner/work/dx-engine/dx-engine/universal/terminal-system/src/utils/platform.ts": {"lines":{"total":14,"covered":14,"skipped":0,"pct":100},"functions":{"total":6,"covered":6,"skipped":0,"pct":100},"statements":{"total":14,"covered":14,"skipped":0,"pct":100},"branches":{"total":15,"covered":15,"skipped":0,"pct":100}}
}
