{"total": {"lines":{"total":1846,"covered":1422,"skipped":0,"pct":77.03},"statements":{"total":1888,"covered":1450,"skipped":0,"pct":76.8},"functions":{"total":398,"covered":283,"skipped":0,"pct":71.1},"branches":{"total":894,"covered":558,"skipped":0,"pct":62.41},"branchesTrue":{"total":0,"covered":0,"skipped":0,"pct":100}}
,"/home/runner/work/dx-engine/dx-engine/apps/electron/scripts/build.ts": {"lines":{"total":22,"covered":17,"skipped":0,"pct":77.27},"functions":{"total":3,"covered":1,"skipped":0,"pct":33.33},"statements":{"total":22,"covered":17,"skipped":0,"pct":77.27},"branches":{"total":10,"covered":6,"skipped":0,"pct":60}}
,"/home/runner/work/dx-engine/dx-engine/apps/electron/scripts/notarize-mac.ts": {"lines":{"total":5,"covered":5,"skipped":0,"pct":100},"functions":{"total":1,"covered":1,"skipped":0,"pct":100},"statements":{"total":5,"covered":5,"skipped":0,"pct":100},"branches":{"total":2,"covered":2,"skipped":0,"pct":100}}
,"/home/runner/work/dx-engine/dx-engine/apps/electron/src/index.ts": {"lines":{"total":24,"covered":0,"skipped":0,"pct":0},"functions":{"total":4,"covered":0,"skipped":0,"pct":0},"statements":{"total":25,"covered":0,"skipped":0,"pct":0},"branches":{"total":8,"covered":0,"skipped":0,"pct":0}}
,"/home/runner/work/dx-engine/dx-engine/apps/electron/src/ipc.ts": {"lines":{"total":23,"covered":10,"skipped":0,"pct":43.47},"functions":{"total":6,"covered":2,"skipped":0,"pct":33.33},"statements":{"total":23,"covered":10,"skipped":0,"pct":43.47},"branches":{"total":10,"covered":0,"skipped":0,"pct":0}}
,"/home/runner/work/dx-engine/dx-engine/apps/electron/src/mainWindow.ts": {"lines":{"total":22,"covered":0,"skipped":0,"pct":0},"functions":{"total":7,"covered":0,"skipped":0,"pct":0},"statements":{"total":23,"covered":0,"skipped":0,"pct":0},"branches":{"total":18,"covered":0,"skipped":0,"pct":0}}
,"/home/runner/work/dx-engine/dx-engine/apps/electron/src/menu.ts": {"lines":{"total":17,"covered":0,"skipped":0,"pct":0},"functions":{"total":12,"covered":0,"skipped":0,"pct":0},"statements":{"total":17,"covered":0,"skipped":0,"pct":0},"branches":{"total":12,"covered":0,"skipped":0,"pct":0}}
,"/home/runner/work/dx-engine/dx-engine/apps/electron/src/utils/common.ts": {"lines":{"total":5,"covered":5,"skipped":0,"pct":100},"functions":{"total":0,"covered":0,"skipped":0,"pct":100},"statements":{"total":5,"covered":5,"skipped":0,"pct":100},"branches":{"total":0,"covered":0,"skipped":0,"pct":100}}
,"/home/runner/work/dx-engine/dx-engine/apps/electron/src/utils/devConsoleFilter.ts": {"lines":{"total":25,"covered":25,"skipped":0,"pct":100},"functions":{"total":7,"covered":7,"skipped":0,"pct":100},"statements":{"total":26,"covered":26,"skipped":0,"pct":100},"branches":{"total":16,"covered":16,"skipped":0,"pct":100}}
,"/home/runner/work/dx-engine/dx-engine/apps/preload/src/index.ts": {"lines":{"total":3,"covered":3,"skipped":0,"pct":100},"functions":{"total":0,"covered":0,"skipped":0,"pct":100},"statements":{"total":3,"covered":3,"skipped":0,"pct":100},"branches":{"total":0,"covered":0,"skipped":0,"pct":100}}
,"/home/runner/work/dx-engine/dx-engine/apps/preload/src/ipcMain.ts": {"lines":{"total":19,"covered":19,"skipped":0,"pct":100},"functions":{"total":7,"covered":7,"skipped":0,"pct":100},"statements":{"total":19,"covered":19,"skipped":0,"pct":100},"branches":{"total":9,"covered":8,"skipped":0,"pct":88.88}}
,"/home/runner/work/dx-engine/dx-engine/apps/preload/src/ipcRenderer.ts": {"lines":{"total":23,"covered":23,"skipped":0,"pct":100},"functions":{"total":9,"covered":9,"skipped":0,"pct":100},"statements":{"total":23,"covered":23,"skipped":0,"pct":100},"branches":{"total":7,"covered":6,"skipped":0,"pct":85.71}}
,"/home/runner/work/dx-engine/dx-engine/apps/web/src/App.vue": {"lines":{"total":56,"covered":51,"skipped":0,"pct":91.07},"functions":{"total":15,"covered":10,"skipped":0,"pct":66.66},"statements":{"total":56,"covered":51,"skipped":0,"pct":91.07},"branches":{"total":42,"covered":7,"skipped":0,"pct":16.66}}
,"/home/runner/work/dx-engine/dx-engine/apps/web/src/main.ts": {"lines":{"total":1,"covered":1,"skipped":0,"pct":100},"functions":{"total":0,"covered":0,"skipped":0,"pct":100},"statements":{"total":1,"covered":1,"skipped":0,"pct":100},"branches":{"total":0,"covered":0,"skipped":0,"pct":100}}
,"/home/runner/work/dx-engine/dx-engine/apps/web/src/components/atoms/BaseButton.vue": {"lines":{"total":14,"covered":14,"skipped":0,"pct":100},"functions":{"total":2,"covered":2,"skipped":0,"pct":100},"statements":{"total":14,"covered":14,"skipped":0,"pct":100},"branches":{"total":4,"covered":3,"skipped":0,"pct":75}}
,"/home/runner/work/dx-engine/dx-engine/apps/web/src/components/atoms/BaseIcon.vue": {"lines":{"total":11,"covered":11,"skipped":0,"pct":100},"functions":{"total":3,"covered":3,"skipped":0,"pct":100},"statements":{"total":12,"covered":12,"skipped":0,"pct":100},"branches":{"total":4,"covered":4,"skipped":0,"pct":100}}
,"/home/runner/work/dx-engine/dx-engine/apps/web/src/components/atoms/BaseLogo.vue": {"lines":{"total":16,"covered":16,"skipped":0,"pct":100},"functions":{"total":3,"covered":3,"skipped":0,"pct":100},"statements":{"total":16,"covered":16,"skipped":0,"pct":100},"branches":{"total":6,"covered":6,"skipped":0,"pct":100}}
,"/home/runner/work/dx-engine/dx-engine/apps/web/src/components/atoms/CtaButton.vue": {"lines":{"total":1,"covered":1,"skipped":0,"pct":100},"functions":{"total":1,"covered":1,"skipped":0,"pct":100},"statements":{"total":1,"covered":1,"skipped":0,"pct":100},"branches":{"total":2,"covered":2,"skipped":0,"pct":100}}
,"/home/runner/work/dx-engine/dx-engine/apps/web/src/components/atoms/PlayButton.vue": {"lines":{"total":10,"covered":10,"skipped":0,"pct":100},"functions":{"total":1,"covered":1,"skipped":0,"pct":100},"statements":{"total":11,"covered":11,"skipped":0,"pct":100},"branches":{"total":10,"covered":10,"skipped":0,"pct":100}}
,"/home/runner/work/dx-engine/dx-engine/apps/web/src/components/atoms/Sidebar.vue": {"lines":{"total":9,"covered":5,"skipped":0,"pct":55.55},"functions":{"total":4,"covered":0,"skipped":0,"pct":0},"statements":{"total":9,"covered":5,"skipped":0,"pct":55.55},"branches":{"total":7,"covered":1,"skipped":0,"pct":14.28}}
,"/home/runner/work/dx-engine/dx-engine/apps/web/src/components/atoms/WindowCloseButton.vue": {"lines":{"total":5,"covered":5,"skipped":0,"pct":100},"functions":{"total":1,"covered":1,"skipped":0,"pct":100},"statements":{"total":5,"covered":5,"skipped":0,"pct":100},"branches":{"total":3,"covered":2,"skipped":0,"pct":66.66}}
,"/home/runner/work/dx-engine/dx-engine/apps/web/src/components/atoms/WindowMaximizeButton.vue": {"lines":{"total":5,"covered":5,"skipped":0,"pct":100},"functions":{"total":1,"covered":1,"skipped":0,"pct":100},"statements":{"total":5,"covered":5,"skipped":0,"pct":100},"branches":{"total":8,"covered":7,"skipped":0,"pct":87.5}}
,"/home/runner/work/dx-engine/dx-engine/apps/web/src/components/atoms/WindowMinimizeButton.vue": {"lines":{"total":5,"covered":5,"skipped":0,"pct":100},"functions":{"total":1,"covered":1,"skipped":0,"pct":100},"statements":{"total":5,"covered":5,"skipped":0,"pct":100},"branches":{"total":3,"covered":2,"skipped":0,"pct":66.66}}
,"/home/runner/work/dx-engine/dx-engine/apps/web/src/components/atoms/icons/ArrowRight.vue": {"lines":{"total":1,"covered":1,"skipped":0,"pct":100},"functions":{"total":0,"covered":0,"skipped":0,"pct":100},"statements":{"total":1,"covered":1,"skipped":0,"pct":100},"branches":{"total":2,"covered":2,"skipped":0,"pct":100}}
,"/home/runner/work/dx-engine/dx-engine/apps/web/src/components/atoms/icons/Code.vue": {"lines":{"total":1,"covered":1,"skipped":0,"pct":100},"functions":{"total":0,"covered":0,"skipped":0,"pct":100},"statements":{"total":1,"covered":1,"skipped":0,"pct":100},"branches":{"total":2,"covered":2,"skipped":0,"pct":100}}
,"/home/runner/work/dx-engine/dx-engine/apps/web/src/components/atoms/icons/Eye.vue": {"lines":{"total":0,"covered":0,"skipped":0,"pct":100},"functions":{"total":0,"covered":0,"skipped":0,"pct":100},"statements":{"total":0,"covered":0,"skipped":0,"pct":100},"branches":{"total":1,"covered":1,"skipped":0,"pct":100}}
,"/home/runner/work/dx-engine/dx-engine/apps/web/src/components/atoms/icons/GitBranch.vue": {"lines":{"total":1,"covered":1,"skipped":0,"pct":100},"functions":{"total":0,"covered":0,"skipped":0,"pct":100},"statements":{"total":1,"covered":1,"skipped":0,"pct":100},"branches":{"total":2,"covered":2,"skipped":0,"pct":100}}
,"/home/runner/work/dx-engine/dx-engine/apps/web/src/components/atoms/icons/Menu.vue": {"lines":{"total":0,"covered":0,"skipped":0,"pct":100},"functions":{"total":0,"covered":0,"skipped":0,"pct":100},"statements":{"total":0,"covered":0,"skipped":0,"pct":100},"branches":{"total":1,"covered":1,"skipped":0,"pct":100}}
,"/home/runner/work/dx-engine/dx-engine/apps/web/src/components/atoms/icons/Moon.vue": {"lines":{"total":1,"covered":1,"skipped":0,"pct":100},"functions":{"total":0,"covered":0,"skipped":0,"pct":100},"statements":{"total":1,"covered":1,"skipped":0,"pct":100},"branches":{"total":2,"covered":2,"skipped":0,"pct":100}}
,"/home/runner/work/dx-engine/dx-engine/apps/web/src/components/atoms/icons/Play.vue": {"lines":{"total":0,"covered":0,"skipped":0,"pct":100},"functions":{"total":0,"covered":0,"skipped":0,"pct":100},"statements":{"total":0,"covered":0,"skipped":0,"pct":100},"branches":{"total":1,"covered":1,"skipped":0,"pct":100}}
,"/home/runner/work/dx-engine/dx-engine/apps/web/src/components/atoms/icons/Square.vue": {"lines":{"total":0,"covered":0,"skipped":0,"pct":100},"functions":{"total":0,"covered":0,"skipped":0,"pct":100},"statements":{"total":0,"covered":0,"skipped":0,"pct":100},"branches":{"total":1,"covered":1,"skipped":0,"pct":100}}
,"/home/runner/work/dx-engine/dx-engine/apps/web/src/components/atoms/icons/Sun.vue": {"lines":{"total":1,"covered":1,"skipped":0,"pct":100},"functions":{"total":0,"covered":0,"skipped":0,"pct":100},"statements":{"total":1,"covered":1,"skipped":0,"pct":100},"branches":{"total":2,"covered":2,"skipped":0,"pct":100}}
,"/home/runner/work/dx-engine/dx-engine/apps/web/src/components/atoms/icons/Terminal.vue": {"lines":{"total":0,"covered":0,"skipped":0,"pct":100},"functions":{"total":0,"covered":0,"skipped":0,"pct":100},"statements":{"total":0,"covered":0,"skipped":0,"pct":100},"branches":{"total":1,"covered":1,"skipped":0,"pct":100}}
,"/home/runner/work/dx-engine/dx-engine/apps/web/src/components/atoms/icons/Timeline.vue": {"lines":{"total":0,"covered":0,"skipped":0,"pct":100},"functions":{"total":0,"covered":0,"skipped":0,"pct":100},"statements":{"total":0,"covered":0,"skipped":0,"pct":100},"branches":{"total":7,"covered":7,"skipped":0,"pct":100}}
,"/home/runner/work/dx-engine/dx-engine/apps/web/src/components/atoms/icons/X.vue": {"lines":{"total":1,"covered":1,"skipped":0,"pct":100},"functions":{"total":0,"covered":0,"skipped":0,"pct":100},"statements":{"total":1,"covered":1,"skipped":0,"pct":100},"branches":{"total":2,"covered":2,"skipped":0,"pct":100}}
,"/home/runner/work/dx-engine/dx-engine/apps/web/src/components/molecules/AdaptiveBreadcrumb.vue": {"lines":{"total":15,"covered":13,"skipped":0,"pct":86.66},"functions":{"total":2,"covered":0,"skipped":0,"pct":0},"statements":{"total":17,"covered":13,"skipped":0,"pct":76.47},"branches":{"total":17,"covered":13,"skipped":0,"pct":76.47}}
,"/home/runner/work/dx-engine/dx-engine/apps/web/src/components/molecules/AddressBar.vue": {"lines":{"total":48,"covered":37,"skipped":0,"pct":77.08},"functions":{"total":16,"covered":11,"skipped":0,"pct":68.75},"statements":{"total":48,"covered":37,"skipped":0,"pct":77.08},"branches":{"total":20,"covered":13,"skipped":0,"pct":65}}
,"/home/runner/work/dx-engine/dx-engine/apps/web/src/components/molecules/CodeBlockComponent.vue": {"lines":{"total":47,"covered":33,"skipped":0,"pct":70.21},"functions":{"total":7,"covered":5,"skipped":0,"pct":71.42},"statements":{"total":47,"covered":33,"skipped":0,"pct":70.21},"branches":{"total":20,"covered":20,"skipped":0,"pct":100}}
,"/home/runner/work/dx-engine/dx-engine/apps/web/src/components/molecules/ModeSelector.vue": {"lines":{"total":14,"covered":14,"skipped":0,"pct":100},"functions":{"total":3,"covered":3,"skipped":0,"pct":100},"statements":{"total":14,"covered":14,"skipped":0,"pct":100},"branches":{"total":2,"covered":2,"skipped":0,"pct":100}}
,"/home/runner/work/dx-engine/dx-engine/apps/web/src/components/molecules/OnboardingTaskCard.vue": {"lines":{"total":16,"covered":16,"skipped":0,"pct":100},"functions":{"total":3,"covered":3,"skipped":0,"pct":100},"statements":{"total":16,"covered":16,"skipped":0,"pct":100},"branches":{"total":6,"covered":6,"skipped":0,"pct":100}}
,"/home/runner/work/dx-engine/dx-engine/apps/web/src/components/molecules/WindowControls.vue": {"lines":{"total":10,"covered":10,"skipped":0,"pct":100},"functions":{"total":2,"covered":2,"skipped":0,"pct":100},"statements":{"total":10,"covered":10,"skipped":0,"pct":100},"branches":{"total":2,"covered":2,"skipped":0,"pct":100}}
,"/home/runner/work/dx-engine/dx-engine/apps/web/src/components/organisms/ChatPanel.vue": {"lines":{"total":38,"covered":37,"skipped":0,"pct":97.36},"functions":{"total":10,"covered":9,"skipped":0,"pct":90},"statements":{"total":39,"covered":37,"skipped":0,"pct":94.87},"branches":{"total":29,"covered":23,"skipped":0,"pct":79.31}}
,"/home/runner/work/dx-engine/dx-engine/apps/web/src/components/organisms/CodeSidebar.vue": {"lines":{"total":44,"covered":38,"skipped":0,"pct":86.36},"functions":{"total":12,"covered":11,"skipped":0,"pct":91.66},"statements":{"total":44,"covered":38,"skipped":0,"pct":86.36},"branches":{"total":24,"covered":19,"skipped":0,"pct":79.16}}
,"/home/runner/work/dx-engine/dx-engine/apps/web/src/components/organisms/DiffViewer.vue": {"lines":{"total":42,"covered":41,"skipped":0,"pct":97.61},"functions":{"total":11,"covered":11,"skipped":0,"pct":100},"statements":{"total":44,"covered":43,"skipped":0,"pct":97.72},"branches":{"total":18,"covered":15,"skipped":0,"pct":83.33}}
,"/home/runner/work/dx-engine/dx-engine/apps/web/src/components/organisms/GenerativeSidebar.vue": {"lines":{"total":19,"covered":17,"skipped":0,"pct":89.47},"functions":{"total":3,"covered":3,"skipped":0,"pct":100},"statements":{"total":19,"covered":17,"skipped":0,"pct":89.47},"branches":{"total":7,"covered":5,"skipped":0,"pct":71.42}}
,"/home/runner/work/dx-engine/dx-engine/apps/web/src/components/organisms/OnboardingProjectSelection.vue": {"lines":{"total":37,"covered":37,"skipped":0,"pct":100},"functions":{"total":7,"covered":7,"skipped":0,"pct":100},"statements":{"total":37,"covered":37,"skipped":0,"pct":100},"branches":{"total":28,"covered":28,"skipped":0,"pct":100}}
,"/home/runner/work/dx-engine/dx-engine/apps/web/src/components/organisms/OnboardingTaskDetail.vue": {"lines":{"total":40,"covered":15,"skipped":0,"pct":37.5},"functions":{"total":11,"covered":0,"skipped":0,"pct":0},"statements":{"total":41,"covered":15,"skipped":0,"pct":36.58},"branches":{"total":18,"covered":0,"skipped":0,"pct":0}}
,"/home/runner/work/dx-engine/dx-engine/apps/web/src/components/organisms/OnboardingTaskSelection.vue": {"lines":{"total":13,"covered":13,"skipped":0,"pct":100},"functions":{"total":3,"covered":3,"skipped":0,"pct":100},"statements":{"total":13,"covered":13,"skipped":0,"pct":100},"branches":{"total":3,"covered":2,"skipped":0,"pct":66.66}}
,"/home/runner/work/dx-engine/dx-engine/apps/web/src/components/organisms/OnboardingTransition.vue": {"lines":{"total":47,"covered":12,"skipped":0,"pct":25.53},"functions":{"total":9,"covered":0,"skipped":0,"pct":0},"statements":{"total":48,"covered":12,"skipped":0,"pct":25},"branches":{"total":27,"covered":0,"skipped":0,"pct":0}}
,"/home/runner/work/dx-engine/dx-engine/apps/web/src/components/organisms/OnboardingWelcome.vue": {"lines":{"total":15,"covered":15,"skipped":0,"pct":100},"functions":{"total":3,"covered":3,"skipped":0,"pct":100},"statements":{"total":15,"covered":15,"skipped":0,"pct":100},"branches":{"total":9,"covered":9,"skipped":0,"pct":100}}
,"/home/runner/work/dx-engine/dx-engine/apps/web/src/components/organisms/QualityPipeline.vue": {"lines":{"total":53,"covered":44,"skipped":0,"pct":83.01},"functions":{"total":18,"covered":16,"skipped":0,"pct":88.88},"statements":{"total":59,"covered":48,"skipped":0,"pct":81.35},"branches":{"total":55,"covered":41,"skipped":0,"pct":74.54}}
,"/home/runner/work/dx-engine/dx-engine/apps/web/src/components/organisms/TimelineSidebar.vue": {"lines":{"total":98,"covered":63,"skipped":0,"pct":64.28},"functions":{"total":24,"covered":12,"skipped":0,"pct":50},"statements":{"total":102,"covered":65,"skipped":0,"pct":63.72},"branches":{"total":37,"covered":17,"skipped":0,"pct":45.94}}
,"/home/runner/work/dx-engine/dx-engine/apps/web/src/components/organisms/VisualSidebar.vue": {"lines":{"total":23,"covered":16,"skipped":0,"pct":69.56},"functions":{"total":5,"covered":3,"skipped":0,"pct":60},"statements":{"total":23,"covered":16,"skipped":0,"pct":69.56},"branches":{"total":12,"covered":5,"skipped":0,"pct":41.66}}
,"/home/runner/work/dx-engine/dx-engine/apps/web/src/components/templates/UnifiedFrame.vue": {"lines":{"total":32,"covered":31,"skipped":0,"pct":96.87},"functions":{"total":8,"covered":7,"skipped":0,"pct":87.5},"statements":{"total":32,"covered":31,"skipped":0,"pct":96.87},"branches":{"total":18,"covered":7,"skipped":0,"pct":38.88}}
,"/home/runner/work/dx-engine/dx-engine/apps/web/src/composables/useBreadcrumbContext.ts": {"lines":{"total":52,"covered":52,"skipped":0,"pct":100},"functions":{"total":9,"covered":9,"skipped":0,"pct":100},"statements":{"total":52,"covered":52,"skipped":0,"pct":100},"branches":{"total":15,"covered":14,"skipped":0,"pct":93.33}}
,"/home/runner/work/dx-engine/dx-engine/apps/web/src/composables/useChatSidebar.ts": {"lines":{"total":78,"covered":73,"skipped":0,"pct":93.58},"functions":{"total":14,"covered":14,"skipped":0,"pct":100},"statements":{"total":81,"covered":76,"skipped":0,"pct":93.82},"branches":{"total":28,"covered":23,"skipped":0,"pct":82.14}}
,"/home/runner/work/dx-engine/dx-engine/apps/web/src/composables/useOnboarding.ts": {"lines":{"total":90,"covered":74,"skipped":0,"pct":82.22},"functions":{"total":21,"covered":19,"skipped":0,"pct":90.47},"statements":{"total":93,"covered":77,"skipped":0,"pct":82.79},"branches":{"total":43,"covered":24,"skipped":0,"pct":55.81}}
,"/home/runner/work/dx-engine/dx-engine/apps/web/src/composables/useSidebarResize.ts": {"lines":{"total":59,"covered":50,"skipped":0,"pct":84.74},"functions":{"total":10,"covered":8,"skipped":0,"pct":80},"statements":{"total":60,"covered":51,"skipped":0,"pct":85},"branches":{"total":22,"covered":14,"skipped":0,"pct":63.63}}
,"/home/runner/work/dx-engine/dx-engine/apps/web/src/composables/useSmartTruncation.ts": {"lines":{"total":70,"covered":57,"skipped":0,"pct":81.42},"functions":{"total":10,"covered":8,"skipped":0,"pct":80},"statements":{"total":77,"covered":62,"skipped":0,"pct":80.51},"branches":{"total":27,"covered":22,"skipped":0,"pct":81.48}}
,"/home/runner/work/dx-engine/dx-engine/apps/web/src/composables/useTheme.ts": {"lines":{"total":44,"covered":34,"skipped":0,"pct":77.27},"functions":{"total":12,"covered":11,"skipped":0,"pct":91.66},"statements":{"total":44,"covered":34,"skipped":0,"pct":77.27},"branches":{"total":22,"covered":13,"skipped":0,"pct":59.09}}
,"/home/runner/work/dx-engine/dx-engine/apps/web/src/composables/useWindowControls.ts": {"lines":{"total":37,"covered":29,"skipped":0,"pct":78.37},"functions":{"total":9,"covered":6,"skipped":0,"pct":66.66},"statements":{"total":37,"covered":29,"skipped":0,"pct":78.37},"branches":{"total":16,"covered":7,"skipped":0,"pct":43.75}}
,"/home/runner/work/dx-engine/dx-engine/apps/web/src/stores/theme.ts": {"lines":{"total":18,"covered":18,"skipped":0,"pct":100},"functions":{"total":6,"covered":6,"skipped":0,"pct":100},"statements":{"total":20,"covered":20,"skipped":0,"pct":100},"branches":{"total":4,"covered":4,"skipped":0,"pct":100}}
,"/home/runner/work/dx-engine/dx-engine/scripts/coverage-check.ts": {"lines":{"total":39,"covered":38,"skipped":0,"pct":97.43},"functions":{"total":2,"covered":2,"skipped":0,"pct":100},"statements":{"total":39,"covered":38,"skipped":0,"pct":97.43},"branches":{"total":14,"covered":13,"skipped":0,"pct":92.85}}
,"/home/runner/work/dx-engine/dx-engine/scripts/generate-icons.ts": {"lines":{"total":97,"covered":70,"skipped":0,"pct":72.16},"functions":{"total":11,"covered":9,"skipped":0,"pct":81.81},"statements":{"total":98,"covered":71,"skipped":0,"pct":72.44},"branches":{"total":28,"covered":16,"skipped":0,"pct":57.14}}
,"/home/runner/work/dx-engine/dx-engine/scripts/setup-env.ts": {"lines":{"total":19,"covered":19,"skipped":0,"pct":100},"functions":{"total":2,"covered":2,"skipped":0,"pct":100},"statements":{"total":19,"covered":19,"skipped":0,"pct":100},"branches":{"total":8,"covered":8,"skipped":0,"pct":100}}
,"/home/runner/work/dx-engine/dx-engine/scripts/translate-docs.ts": {"lines":{"total":85,"covered":9,"skipped":0,"pct":10.58},"functions":{"total":15,"covered":0,"skipped":0,"pct":0},"statements":{"total":86,"covered":9,"skipped":0,"pct":10.46},"branches":{"total":30,"covered":2,"skipped":0,"pct":6.66}}
,"/home/runner/work/dx-engine/dx-engine/scripts/version-bump.ts": {"lines":{"total":62,"covered":42,"skipped":0,"pct":67.74},"functions":{"total":6,"covered":4,"skipped":0,"pct":66.66},"statements":{"total":62,"covered":42,"skipped":0,"pct":67.74},"branches":{"total":14,"covered":5,"skipped":0,"pct":35.71}}
,"/home/runner/work/dx-engine/dx-engine/universal/puppeteer-google-translate/src/ISO-639-code.ts": {"lines":{"total":1,"covered":1,"skipped":0,"pct":100},"functions":{"total":0,"covered":0,"skipped":0,"pct":100},"statements":{"total":1,"covered":1,"skipped":0,"pct":100},"branches":{"total":0,"covered":0,"skipped":0,"pct":100}}
,"/home/runner/work/dx-engine/dx-engine/universal/puppeteer-google-translate/src/google-translator.ts": {"lines":{"total":89,"covered":89,"skipped":0,"pct":100},"functions":{"total":17,"covered":17,"skipped":0,"pct":100},"statements":{"total":91,"covered":91,"skipped":0,"pct":100},"branches":{"total":56,"covered":50,"skipped":0,"pct":89.28}}
,"/home/runner/work/dx-engine/dx-engine/universal/puppeteer-google-translate/src/index.ts": {"lines":{"total":4,"covered":4,"skipped":0,"pct":100},"functions":{"total":1,"covered":1,"skipped":0,"pct":100},"statements":{"total":4,"covered":4,"skipped":0,"pct":100},"branches":{"total":2,"covered":2,"skipped":0,"pct":100}}
,"/home/runner/work/dx-engine/dx-engine/universal/puppeteer-google-translate/src/factories/BrowserFactory.ts": {"lines":{"total":14,"covered":14,"skipped":0,"pct":100},"functions":{"total":6,"covered":6,"skipped":0,"pct":100},"statements":{"total":14,"covered":14,"skipped":0,"pct":100},"branches":{"total":8,"covered":8,"skipped":0,"pct":100}}
,"/home/runner/work/dx-engine/dx-engine/universal/puppeteer-google-translate/src/types/index.ts": {"lines":{"total":10,"covered":10,"skipped":0,"pct":100},"functions":{"total":2,"covered":2,"skipped":0,"pct":100},"statements":{"total":10,"covered":10,"skipped":0,"pct":100},"branches":{"total":0,"covered":0,"skipped":0,"pct":100}}
}
