{"/home/runner/work/dx-engine/dx-engine/apps/electron/scripts/build.ts": {"path":"/home/runner/work/dx-engine/dx-engine/apps/electron/scripts/build.ts","statementMap":{"0":{"start":{"line":9,"column":19},"end":{"line":9,"column":null}},"1":{"start":{"line":10,"column":18},"end":{"line":10,"column":null}},"2":{"start":{"line":12,"column":16},"end":{"line":12,"column":null}},"3":{"start":{"line":13,"column":14},"end":{"line":13,"column":null}},"4":{"start":{"line":14,"column":16},"end":{"line":14,"column":null}},"5":{"start":{"line":15,"column":14},"end":{"line":15,"column":null}},"6":{"start":{"line":16,"column":21},"end":{"line":16,"column":null}},"7":{"start":{"line":18,"column":0},"end":{"line":18,"column":null}},"8":{"start":{"line":19,"column":0},"end":{"line":19,"column":null}},"9":{"start":{"line":21,"column":16},"end":{"line":21,"column":null}},"10":{"start":{"line":23,"column":41},"end":{"line":29,"column":null}},"11":{"start":{"line":28,"column":19},"end":{"line":28,"column":null}},"12":{"start":{"line":31,"column":0},"end":{"line":35,"column":null}},"13":{"start":{"line":36,"column":0},"end":{"line":40,"column":null}},"14":{"start":{"line":42,"column":30},"end":{"line":82,"column":null}},"15":{"start":{"line":85,"column":33},"end":{"line":89,"column":null}},"16":{"start":{"line":91,"column":0},"end":{"line":107,"column":null}},"17":{"start":{"line":97,"column":4},"end":{"line":97,"column":null}},"18":{"start":{"line":98,"column":19},"end":{"line":98,"column":null}},"19":{"start":{"line":99,"column":4},"end":{"line":102,"column":null}},"20":{"start":{"line":105,"column":4},"end":{"line":105,"column":null}},"21":{"start":{"line":106,"column":4},"end":{"line":106,"column":null}}},"fnMap":{"0":{"name":"(anonymous_0)","decl":{"start":{"line":28,"column":10},"end":{"line":28,"column":11}},"loc":{"start":{"line":28,"column":19},"end":{"line":28,"column":null}}},"1":{"name":"(anonymous_1)","decl":{"start":{"line":96,"column":8},"end":{"line":96,"column":9}},"loc":{"start":{"line":96,"column":20},"end":{"line":103,"column":3}}},"2":{"name":"(anonymous_2)","decl":{"start":{"line":104,"column":9},"end":{"line":104,"column":10}},"loc":{"start":{"line":104,"column":20},"end":{"line":107,"column":3}}}},"branchMap":{"0":{"loc":{"start":{"line":14,"column":16},"end":{"line":14,"column":null}},"type":"cond-expr","locations":[{"start":{"line":14,"column":24},"end":{"line":14,"column":40}},{"start":{"line":14,"column":40},"end":{"line":14,"column":null}}]},"1":{"loc":{"start":{"line":15,"column":14},"end":{"line":15,"column":null}},"type":"cond-expr","locations":[{"start":{"line":15,"column":22},"end":{"line":15,"column":51}},{"start":{"line":15,"column":51},"end":{"line":15,"column":null}}]},"2":{"loc":{"start":{"line":16,"column":21},"end":{"line":16,"column":null}},"type":"cond-expr","locations":[{"start":{"line":16,"column":29},"end":{"line":16,"column":45}},{"start":{"line":16,"column":45},"end":{"line":16,"column":null}}]},"3":{"loc":{"start":{"line":28,"column":19},"end":{"line":28,"column":null}},"type":"binary-expr","locations":[{"start":{"line":28,"column":19},"end":{"line":28,"column":44}},{"start":{"line":28,"column":44},"end":{"line":28,"column":null}}]},"4":{"loc":{"start":{"line":94,"column":11},"end":{"line":94,"column":null}},"type":"cond-expr","locations":[{"start":{"line":94,"column":28},"end":{"line":94,"column":39}},{"start":{"line":94,"column":39},"end":{"line":94,"column":null}}]}},"s":{"0":1,"1":1,"2":1,"3":1,"4":1,"5":1,"6":1,"7":1,"8":1,"9":1,"10":1,"11":48,"12":1,"13":1,"14":1,"15":1,"16":1,"17":0,"18":0,"19":0,"20":0,"21":0},"f":{"0":48,"1":0,"2":0},"b":{"0":[0,1],"1":[0,1],"2":[0,1],"3":[48,35],"4":[1,0]}}
,"/home/runner/work/dx-engine/dx-engine/apps/electron/scripts/notarize-mac.ts": {"path":"/home/runner/work/dx-engine/dx-engine/apps/electron/scripts/notarize-mac.ts","statementMap":{"0":{"start":{"line":10,"column":46},"end":{"line":10,"column":null}},"1":{"start":{"line":12,"column":2},"end":{"line":14,"column":null}},"2":{"start":{"line":13,"column":4},"end":{"line":13,"column":null}},"3":{"start":{"line":16,"column":18},"end":{"line":16,"column":null}},"4":{"start":{"line":18,"column":2},"end":{"line":23,"column":null}}},"fnMap":{"0":{"name":"notarizeMac","decl":{"start":{"line":9,"column":22},"end":{"line":9,"column":34}},"loc":{"start":{"line":9,"column":61},"end":{"line":24,"column":null}}}},"branchMap":{"0":{"loc":{"start":{"line":12,"column":2},"end":{"line":14,"column":null}},"type":"if","locations":[{"start":{"line":12,"column":2},"end":{"line":14,"column":null}},{"start":{},"end":{}}]}},"s":{"0":2,"1":2,"2":1,"3":1,"4":1},"f":{"0":2},"b":{"0":[1,1]}}
,"/home/runner/work/dx-engine/dx-engine/apps/electron/src/index.ts": {"path":"/home/runner/work/dx-engine/dx-engine/apps/electron/src/index.ts","statementMap":{"0":{"start":{"line":9,"column":0},"end":{"line":9,"column":null}},"1":{"start":{"line":14,"column":0},"end":{"line":36,"column":null}},"2":{"start":{"line":16,"column":20},"end":{"line":23,"column":null}},"3":{"start":{"line":25,"column":19},"end":{"line":25,"column":null}},"4":{"start":{"line":25,"column":44},"end":{"line":25,"column":60}},"5":{"start":{"line":26,"column":2},"end":{"line":35,"column":null}},"6":{"start":{"line":27,"column":4},"end":{"line":32,"column":null}},"7":{"start":{"line":28,"column":6},"end":{"line":28,"column":null}},"8":{"start":{"line":29,"column":6},"end":{"line":29,"column":null}},"9":{"start":{"line":31,"column":6},"end":{"line":31,"column":null}},"10":{"start":{"line":34,"column":4},"end":{"line":34,"column":null}},"11":{"start":{"line":41,"column":25},"end":{"line":41,"column":null}},"12":{"start":{"line":42,"column":0},"end":{"line":45,"column":null}},"13":{"start":{"line":43,"column":2},"end":{"line":43,"column":null}},"14":{"start":{"line":44,"column":2},"end":{"line":44,"column":null}},"15":{"start":{"line":46,"column":0},"end":{"line":46,"column":null}},"16":{"start":{"line":51,"column":0},"end":{"line":55,"column":null}},"17":{"start":{"line":52,"column":2},"end":{"line":54,"column":null}},"18":{"start":{"line":53,"column":4},"end":{"line":53,"column":null}},"19":{"start":{"line":60,"column":0},"end":{"line":63,"column":null}},"20":{"start":{"line":61,"column":2},"end":{"line":61,"column":null}},"21":{"start":{"line":62,"column":2},"end":{"line":62,"column":null}},"22":{"start":{"line":68,"column":0},"end":{"line":68,"column":null}},"23":{"start":{"line":73,"column":0},"end":{"line":76,"column":null}},"24":{"start":{"line":76,"column":20},"end":{"line":76,"column":68}}},"fnMap":{"0":{"name":"(anonymous_0)","decl":{"start":{"line":25,"column":34},"end":{"line":25,"column":35}},"loc":{"start":{"line":25,"column":44},"end":{"line":25,"column":60}}},"1":{"name":"(anonymous_1)","decl":{"start":{"line":51,"column":28},"end":{"line":51,"column":34}},"loc":{"start":{"line":51,"column":34},"end":{"line":55,"column":1}}},"2":{"name":"(anonymous_2)","decl":{"start":{"line":60,"column":22},"end":{"line":60,"column":28}},"loc":{"start":{"line":60,"column":28},"end":{"line":63,"column":1}}},"3":{"name":"(anonymous_3)","decl":{"start":{"line":76,"column":9},"end":{"line":76,"column":10}},"loc":{"start":{"line":76,"column":20},"end":{"line":76,"column":68}}}},"branchMap":{"0":{"loc":{"start":{"line":14,"column":0},"end":{"line":36,"column":null}},"type":"if","locations":[{"start":{"line":14,"column":0},"end":{"line":36,"column":null}},{"start":{},"end":{}}]},"1":{"loc":{"start":{"line":26,"column":2},"end":{"line":35,"column":null}},"type":"if","locations":[{"start":{"line":26,"column":2},"end":{"line":35,"column":null}},{"start":{"line":33,"column":9},"end":{"line":35,"column":null}}]},"2":{"loc":{"start":{"line":42,"column":0},"end":{"line":45,"column":null}},"type":"if","locations":[{"start":{"line":42,"column":0},"end":{"line":45,"column":null}},{"start":{},"end":{}}]},"3":{"loc":{"start":{"line":52,"column":2},"end":{"line":54,"column":null}},"type":"if","locations":[{"start":{"line":52,"column":2},"end":{"line":54,"column":null}},{"start":{},"end":{}}]}},"s":{"0":0,"1":0,"2":0,"3":0,"4":0,"5":0,"6":0,"7":0,"8":0,"9":0,"10":0,"11":0,"12":0,"13":0,"14":0,"15":0,"16":0,"17":0,"18":0,"19":0,"20":0,"21":0,"22":0,"23":0,"24":0},"f":{"0":0,"1":0,"2":0,"3":0},"b":{"0":[0,0],"1":[0,0],"2":[0,0],"3":[0,0]}}
,"/home/runner/work/dx-engine/dx-engine/apps/electron/src/ipc.ts": {"path":"/home/runner/work/dx-engine/dx-engine/apps/electron/src/ipc.ts","statementMap":{"0":{"start":{"line":5,"column":23},"end":{"line":5,"column":null}},"1":{"start":{"line":7,"column":0},"end":{"line":10,"column":null}},"2":{"start":{"line":8,"column":2},"end":{"line":8,"column":null}},"3":{"start":{"line":9,"column":2},"end":{"line":9,"column":null}},"4":{"start":{"line":13,"column":0},"end":{"line":18,"column":null}},"5":{"start":{"line":14,"column":17},"end":{"line":14,"column":null}},"6":{"start":{"line":15,"column":2},"end":{"line":17,"column":null}},"7":{"start":{"line":16,"column":4},"end":{"line":16,"column":null}},"8":{"start":{"line":20,"column":0},"end":{"line":29,"column":null}},"9":{"start":{"line":21,"column":17},"end":{"line":21,"column":null}},"10":{"start":{"line":22,"column":2},"end":{"line":28,"column":null}},"11":{"start":{"line":23,"column":4},"end":{"line":27,"column":null}},"12":{"start":{"line":24,"column":6},"end":{"line":24,"column":null}},"13":{"start":{"line":26,"column":6},"end":{"line":26,"column":null}},"14":{"start":{"line":31,"column":0},"end":{"line":36,"column":null}},"15":{"start":{"line":32,"column":17},"end":{"line":32,"column":null}},"16":{"start":{"line":33,"column":2},"end":{"line":35,"column":null}},"17":{"start":{"line":34,"column":4},"end":{"line":34,"column":null}},"18":{"start":{"line":38,"column":0},"end":{"line":41,"column":null}},"19":{"start":{"line":39,"column":17},"end":{"line":39,"column":null}},"20":{"start":{"line":40,"column":2},"end":{"line":40,"column":null}},"21":{"start":{"line":43,"column":0},"end":{"line":45,"column":null}},"22":{"start":{"line":44,"column":2},"end":{"line":44,"column":null}}},"fnMap":{"0":{"name":"(anonymous_0)","decl":{"start":{"line":7,"column":30},"end":{"line":7,"column":31}},"loc":{"start":{"line":7,"column":42},"end":{"line":10,"column":1}}},"1":{"name":"(anonymous_1)","decl":{"start":{"line":13,"column":29},"end":{"line":13,"column":35}},"loc":{"start":{"line":13,"column":35},"end":{"line":18,"column":1}}},"2":{"name":"(anonymous_2)","decl":{"start":{"line":20,"column":29},"end":{"line":20,"column":35}},"loc":{"start":{"line":20,"column":35},"end":{"line":29,"column":1}}},"3":{"name":"(anonymous_3)","decl":{"start":{"line":31,"column":26},"end":{"line":31,"column":32}},"loc":{"start":{"line":31,"column":32},"end":{"line":36,"column":1}}},"4":{"name":"(anonymous_4)","decl":{"start":{"line":38,"column":32},"end":{"line":38,"column":38}},"loc":{"start":{"line":38,"column":38},"end":{"line":41,"column":1}}},"5":{"name":"(anonymous_5)","decl":{"start":{"line":43,"column":11},"end":{"line":43,"column":17}},"loc":{"start":{"line":43,"column":17},"end":{"line":45,"column":3}}}},"branchMap":{"0":{"loc":{"start":{"line":15,"column":2},"end":{"line":17,"column":null}},"type":"if","locations":[{"start":{"line":15,"column":2},"end":{"line":17,"column":null}},{"start":{},"end":{}}]},"1":{"loc":{"start":{"line":22,"column":2},"end":{"line":28,"column":null}},"type":"if","locations":[{"start":{"line":22,"column":2},"end":{"line":28,"column":null}},{"start":{},"end":{}}]},"2":{"loc":{"start":{"line":23,"column":4},"end":{"line":27,"column":null}},"type":"if","locations":[{"start":{"line":23,"column":4},"end":{"line":27,"column":null}},{"start":{"line":25,"column":11},"end":{"line":27,"column":null}}]},"3":{"loc":{"start":{"line":33,"column":2},"end":{"line":35,"column":null}},"type":"if","locations":[{"start":{"line":33,"column":2},"end":{"line":35,"column":null}},{"start":{},"end":{}}]},"4":{"loc":{"start":{"line":40,"column":9},"end":{"line":40,"column":null}},"type":"cond-expr","locations":[{"start":{"line":40,"column":18},"end":{"line":40,"column":41}},{"start":{"line":40,"column":41},"end":{"line":40,"column":null}}]}},"s":{"0":8,"1":8,"2":6,"3":6,"4":8,"5":0,"6":0,"7":0,"8":8,"9":0,"10":0,"11":0,"12":0,"13":0,"14":8,"15":0,"16":0,"17":0,"18":8,"19":0,"20":0,"21":8,"22":7},"f":{"0":6,"1":0,"2":0,"3":0,"4":0,"5":7},"b":{"0":[0,0],"1":[0,0],"2":[0,0],"3":[0,0],"4":[0,0]}}
,"/home/runner/work/dx-engine/dx-engine/apps/electron/src/mainWindow.ts": {"path":"/home/runner/work/dx-engine/dx-engine/apps/electron/src/mainWindow.ts","statementMap":{"0":{"start":{"line":12,"column":2},"end":{"line":23,"column":null}},"1":{"start":{"line":13,"column":21},"end":{"line":15,"column":null}},"2":{"start":{"line":17,"column":4},"end":{"line":22,"column":null}},"3":{"start":{"line":31,"column":2},"end":{"line":31,"column":null}},"4":{"start":{"line":33,"column":20},"end":{"line":40,"column":null}},"5":{"start":{"line":42,"column":19},"end":{"line":42,"column":null}},"6":{"start":{"line":42,"column":44},"end":{"line":42,"column":60}},"7":{"start":{"line":44,"column":24},"end":{"line":74,"column":null}},"8":{"start":{"line":79,"column":2},"end":{"line":89,"column":null}},"9":{"start":{"line":80,"column":4},"end":{"line":80,"column":null}},"10":{"start":{"line":83,"column":4},"end":{"line":83,"column":null}},"11":{"start":{"line":86,"column":4},"end":{"line":88,"column":null}},"12":{"start":{"line":87,"column":6},"end":{"line":87,"column":null}},"13":{"start":{"line":92,"column":4},"end":{"line":94,"column":null}},"14":{"start":{"line":96,"column":2},"end":{"line":96,"column":null}},"15":{"start":{"line":98,"column":2},"end":{"line":98,"column":null}},"16":{"start":{"line":105,"column":15},"end":{"line":107,"column":null}},"17":{"start":{"line":106,"column":23},"end":{"line":106,"column":null}},"18":{"start":{"line":109,"column":2},"end":{"line":111,"column":null}},"19":{"start":{"line":110,"column":4},"end":{"line":110,"column":null}},"20":{"start":{"line":113,"column":2},"end":{"line":115,"column":null}},"21":{"start":{"line":114,"column":4},"end":{"line":114,"column":null}},"22":{"start":{"line":117,"column":2},"end":{"line":117,"column":null}}},"fnMap":{"0":{"name":"setupCSP","decl":{"start":{"line":10,"column":9},"end":{"line":10,"column":20}},"loc":{"start":{"line":10,"column":20},"end":{"line":24,"column":null}}},"1":{"name":"(anonymous_1)","decl":{"start":{"line":12,"column":54},"end":{"line":12,"column":55}},"loc":{"start":{"line":12,"column":77},"end":{"line":23,"column":3}}},"2":{"name":"createWindow","decl":{"start":{"line":29,"column":15},"end":{"line":29,"column":30}},"loc":{"start":{"line":29,"column":30},"end":{"line":99,"column":null}}},"3":{"name":"(anonymous_3)","decl":{"start":{"line":42,"column":34},"end":{"line":42,"column":35}},"loc":{"start":{"line":42,"column":44},"end":{"line":42,"column":60}}},"4":{"name":"(anonymous_4)","decl":{"start":{"line":79,"column":36},"end":{"line":79,"column":42}},"loc":{"start":{"line":79,"column":42},"end":{"line":89,"column":3}}},"5":{"name":"restoreOrCreateWindow","decl":{"start":{"line":104,"column":22},"end":{"line":104,"column":46}},"loc":{"start":{"line":104,"column":46},"end":{"line":118,"column":null}}},"6":{"name":"(anonymous_6)","decl":{"start":{"line":106,"column":4},"end":{"line":106,"column":5}},"loc":{"start":{"line":106,"column":23},"end":{"line":106,"column":null}}}},"branchMap":{"0":{"loc":{"start":{"line":13,"column":21},"end":{"line":15,"column":null}},"type":"cond-expr","locations":[{"start":{"line":14,"column":8},"end":{"line":14,"column":null}},{"start":{"line":15,"column":8},"end":{"line":15,"column":null}}]},"1":{"loc":{"start":{"line":51,"column":8},"end":{"line":51,"column":null}},"type":"binary-expr","locations":[{"start":{"line":51,"column":8},"end":{"line":51,"column":20}},{"start":{"line":51,"column":20},"end":{"line":51,"column":null}}]},"2":{"loc":{"start":{"line":62,"column":8},"end":{"line":64,"column":null}},"type":"binary-expr","locations":[{"start":{"line":62,"column":8},"end":{"line":62,"column":41}},{"start":{"line":62,"column":41},"end":{"line":64,"column":null}}]},"3":{"loc":{"start":{"line":70,"column":15},"end":{"line":72,"column":null}},"type":"cond-expr","locations":[{"start":{"line":71,"column":10},"end":{"line":71,"column":null}},{"start":{"line":72,"column":10},"end":{"line":72,"column":null}}]},"4":{"loc":{"start":{"line":86,"column":4},"end":{"line":88,"column":null}},"type":"if","locations":[{"start":{"line":86,"column":4},"end":{"line":88,"column":null}},{"start":{},"end":{}}]},"5":{"loc":{"start":{"line":92,"column":4},"end":{"line":94,"column":null}},"type":"cond-expr","locations":[{"start":{"line":93,"column":8},"end":{"line":93,"column":null}},{"start":{"line":94,"column":8},"end":{"line":94,"column":null}}]},"6":{"loc":{"start":{"line":92,"column":4},"end":{"line":92,"column":null}},"type":"binary-expr","locations":[{"start":{"line":92,"column":4},"end":{"line":92,"column":13}},{"start":{"line":92,"column":13},"end":{"line":92,"column":null}}]},"7":{"loc":{"start":{"line":109,"column":2},"end":{"line":111,"column":null}},"type":"if","locations":[{"start":{"line":109,"column":2},"end":{"line":111,"column":null}},{"start":{},"end":{}}]},"8":{"loc":{"start":{"line":113,"column":2},"end":{"line":115,"column":null}},"type":"if","locations":[{"start":{"line":113,"column":2},"end":{"line":115,"column":null}},{"start":{},"end":{}}]}},"s":{"0":0,"1":0,"2":0,"3":0,"4":0,"5":0,"6":0,"7":0,"8":0,"9":0,"10":0,"11":0,"12":0,"13":0,"14":0,"15":0,"16":0,"17":0,"18":0,"19":0,"20":0,"21":0,"22":0},"f":{"0":0,"1":0,"2":0,"3":0,"4":0,"5":0,"6":0},"b":{"0":[0,0],"1":[0,0],"2":[0,0],"3":[0,0],"4":[0,0],"5":[0,0],"6":[0,0],"7":[0,0],"8":[0,0]}}
,"/home/runner/work/dx-engine/dx-engine/apps/electron/src/menu.ts": {"path":"/home/runner/work/dx-engine/dx-engine/apps/electron/src/menu.ts","statementMap":{"0":{"start":{"line":9,"column":16},"end":{"line":9,"column":null}},"1":{"start":{"line":11,"column":49},"end":{"line":202,"column":null}},"2":{"start":{"line":139,"column":22},"end":{"line":139,"column":null}},"3":{"start":{"line":147,"column":22},"end":{"line":147,"column":null}},"4":{"start":{"line":155,"column":22},"end":{"line":155,"column":null}},"5":{"start":{"line":164,"column":18},"end":{"line":164,"column":null}},"6":{"start":{"line":196,"column":30},"end":{"line":196,"column":null}},"7":{"start":{"line":197,"column":12},"end":{"line":197,"column":null}},"8":{"start":{"line":204,"column":15},"end":{"line":204,"column":null}},"9":{"start":{"line":205,"column":2},"end":{"line":205,"column":null}},"10":{"start":{"line":213,"column":2},"end":{"line":213,"column":null}},"11":{"start":{"line":221,"column":2},"end":{"line":227,"column":null}},"12":{"start":{"line":222,"column":4},"end":{"line":222,"column":null}},"13":{"start":{"line":223,"column":2},"end":{"line":227,"column":null}},"14":{"start":{"line":224,"column":4},"end":{"line":224,"column":null}},"15":{"start":{"line":226,"column":4},"end":{"line":226,"column":null}},"16":{"start":{"line":229,"column":2},"end":{"line":229,"column":null}}},"fnMap":{"0":{"name":"setupApplicationMenu","decl":{"start":{"line":8,"column":16},"end":{"line":8,"column":39}},"loc":{"start":{"line":8,"column":39},"end":{"line":206,"column":null}}},"1":{"name":"(anonymous_1)","decl":{"start":{"line":24,"column":23},"end":{"line":24,"column":29}},"loc":{"start":{"line":24,"column":29},"end":{"line":26,"column":null}}},"2":{"name":"(anonymous_2)","decl":{"start":{"line":46,"column":23},"end":{"line":46,"column":29}},"loc":{"start":{"line":46,"column":29},"end":{"line":48,"column":null}}},"3":{"name":"(anonymous_3)","decl":{"start":{"line":53,"column":23},"end":{"line":53,"column":29}},"loc":{"start":{"line":53,"column":29},"end":{"line":55,"column":null}}},"4":{"name":"(anonymous_4)","decl":{"start":{"line":118,"column":17},"end":{"line":118,"column":23}},"loc":{"start":{"line":118,"column":23},"end":{"line":120,"column":null}}},"5":{"name":"(anonymous_5)","decl":{"start":{"line":138,"column":27},"end":{"line":138,"column":33}},"loc":{"start":{"line":138,"column":33},"end":{"line":140,"column":null}}},"6":{"name":"(anonymous_6)","decl":{"start":{"line":146,"column":27},"end":{"line":146,"column":33}},"loc":{"start":{"line":146,"column":33},"end":{"line":148,"column":null}}},"7":{"name":"(anonymous_7)","decl":{"start":{"line":154,"column":27},"end":{"line":154,"column":33}},"loc":{"start":{"line":154,"column":33},"end":{"line":156,"column":null}}},"8":{"name":"(anonymous_8)","decl":{"start":{"line":163,"column":23},"end":{"line":163,"column":29}},"loc":{"start":{"line":163,"column":29},"end":{"line":165,"column":null}}},"9":{"name":"(anonymous_9)","decl":{"start":{"line":195,"column":17},"end":{"line":195,"column":29}},"loc":{"start":{"line":195,"column":29},"end":{"line":198,"column":null}}},"10":{"name":"simulatePlatform","decl":{"start":{"line":211,"column":9},"end":{"line":211,"column":26}},"loc":{"start":{"line":211,"column":67},"end":{"line":214,"column":null}}},"11":{"name":"resetToNativePlatform","decl":{"start":{"line":219,"column":9},"end":{"line":219,"column":33}},"loc":{"start":{"line":219,"column":33},"end":{"line":230,"column":null}}}},"branchMap":{"0":{"loc":{"start":{"line":13,"column":8},"end":{"line":61,"column":null}},"type":"cond-expr","locations":[{"start":{"line":14,"column":8},"end":{"line":38,"column":null}},{"start":{"line":39,"column":8},"end":{"line":61,"column":null}}]},"1":{"loc":{"start":{"line":73,"column":12},"end":{"line":91,"column":null}},"type":"cond-expr","locations":[{"start":{"line":74,"column":12},"end":{"line":86,"column":null}},{"start":{"line":87,"column":12},"end":{"line":91,"column":null}}]},"2":{"loc":{"start":{"line":126,"column":8},"end":{"line":170,"column":null}},"type":"cond-expr","locations":[{"start":{"line":127,"column":8},"end":{"line":169,"column":null}},{"start":{"line":170,"column":8},"end":{"line":170,"column":null}}]},"3":{"loc":{"start":{"line":178,"column":12},"end":{"line":185,"column":null}},"type":"cond-expr","locations":[{"start":{"line":179,"column":12},"end":{"line":184,"column":null}},{"start":{"line":185,"column":12},"end":{"line":185,"column":null}}]},"4":{"loc":{"start":{"line":221,"column":2},"end":{"line":227,"column":null}},"type":"if","locations":[{"start":{"line":221,"column":2},"end":{"line":227,"column":null}},{"start":{"line":223,"column":2},"end":{"line":227,"column":null}}]},"5":{"loc":{"start":{"line":223,"column":2},"end":{"line":227,"column":null}},"type":"if","locations":[{"start":{"line":223,"column":2},"end":{"line":227,"column":null}},{"start":{"line":225,"column":9},"end":{"line":227,"column":null}}]}},"s":{"0":0,"1":0,"2":0,"3":0,"4":0,"5":0,"6":0,"7":0,"8":0,"9":0,"10":0,"11":0,"12":0,"13":0,"14":0,"15":0,"16":0},"f":{"0":0,"1":0,"2":0,"3":0,"4":0,"5":0,"6":0,"7":0,"8":0,"9":0,"10":0,"11":0},"b":{"0":[0,0],"1":[0,0],"2":[0,0],"3":[0,0],"4":[0,0],"5":[0,0]}}
,"/home/runner/work/dx-engine/dx-engine/apps/electron/src/utils/common.ts": {"path":"/home/runner/work/dx-engine/dx-engine/apps/electron/src/utils/common.ts","statementMap":{"0":{"start":{"line":4,"column":21},"end":{"line":4,"column":null}},"1":{"start":{"line":6,"column":22},"end":{"line":6,"column":null}},"2":{"start":{"line":8,"column":26},"end":{"line":8,"column":null}},"3":{"start":{"line":10,"column":21},"end":{"line":10,"column":null}},"4":{"start":{"line":11,"column":25},"end":{"line":11,"column":null}}},"fnMap":{},"branchMap":{},"s":{"0":1,"1":1,"2":1,"3":1,"4":1},"f":{},"b":{}}
,"/home/runner/work/dx-engine/dx-engine/apps/electron/src/utils/devConsoleFilter.ts": {"path":"/home/runner/work/dx-engine/dx-engine/apps/electron/src/utils/devConsoleFilter.ts","statementMap":{"0":{"start":{"line":15,"column":26},"end":{"line":37,"column":null}},"1":{"start":{"line":44,"column":2},"end":{"line":46,"column":null}},"2":{"start":{"line":45,"column":4},"end":{"line":45,"column":null}},"3":{"start":{"line":48,"column":2},"end":{"line":48,"column":null}},"4":{"start":{"line":48,"column":45},"end":{"line":48,"column":66}},"5":{"start":{"line":58,"column":2},"end":{"line":60,"column":null}},"6":{"start":{"line":59,"column":4},"end":{"line":59,"column":null}},"7":{"start":{"line":63,"column":31},"end":{"line":63,"column":null}},"8":{"start":{"line":64,"column":30},"end":{"line":64,"column":null}},"9":{"start":{"line":65,"column":29},"end":{"line":65,"column":null}},"10":{"start":{"line":67,"column":2},"end":{"line":76,"column":null}},"11":{"start":{"line":68,"column":20},"end":{"line":68,"column":null}},"12":{"start":{"line":71,"column":4},"end":{"line":74,"column":null}},"13":{"start":{"line":73,"column":6},"end":{"line":73,"column":null}},"14":{"start":{"line":78,"column":2},"end":{"line":87,"column":null}},"15":{"start":{"line":79,"column":20},"end":{"line":79,"column":null}},"16":{"start":{"line":82,"column":4},"end":{"line":85,"column":null}},"17":{"start":{"line":84,"column":6},"end":{"line":84,"column":null}},"18":{"start":{"line":89,"column":2},"end":{"line":98,"column":null}},"19":{"start":{"line":90,"column":20},"end":{"line":90,"column":null}},"20":{"start":{"line":93,"column":4},"end":{"line":96,"column":null}},"21":{"start":{"line":95,"column":6},"end":{"line":95,"column":null}},"22":{"start":{"line":100,"column":2},"end":{"line":106,"column":null}},"23":{"start":{"line":102,"column":6},"end":{"line":102,"column":null}},"24":{"start":{"line":103,"column":6},"end":{"line":103,"column":null}},"25":{"start":{"line":104,"column":6},"end":{"line":104,"column":null}}},"fnMap":{"0":{"name":"isHarmlessDevToolsMessage","decl":{"start":{"line":43,"column":16},"end":{"line":43,"column":42}},"loc":{"start":{"line":43,"column":68},"end":{"line":49,"column":null}}},"1":{"name":"(anonymous_1)","decl":{"start":{"line":48,"column":32},"end":{"line":48,"column":33}},"loc":{"start":{"line":48,"column":45},"end":{"line":48,"column":66}}},"2":{"name":"setupDevConsoleFilter","decl":{"start":{"line":55,"column":16},"end":{"line":55,"column":null}},"loc":{"start":{"line":57,"column":2},"end":{"line":107,"column":null}}},"3":{"name":"(anonymous_3)","decl":{"start":{"line":67,"column":18},"end":{"line":67,"column":22}},"loc":{"start":{"line":67,"column":42},"end":{"line":76,"column":null}}},"4":{"name":"(anonymous_4)","decl":{"start":{"line":78,"column":17},"end":{"line":78,"column":21}},"loc":{"start":{"line":78,"column":41},"end":{"line":87,"column":null}}},"5":{"name":"(anonymous_5)","decl":{"start":{"line":89,"column":16},"end":{"line":89,"column":20}},"loc":{"start":{"line":89,"column":40},"end":{"line":98,"column":null}}},"6":{"name":"(anonymous_6)","decl":{"start":{"line":101,"column":13},"end":{"line":101,"column":19}},"loc":{"start":{"line":101,"column":19},"end":{"line":105,"column":null}}}},"branchMap":{"0":{"loc":{"start":{"line":44,"column":2},"end":{"line":46,"column":null}},"type":"if","locations":[{"start":{"line":44,"column":2},"end":{"line":46,"column":null}},{"start":{},"end":{}}]},"1":{"loc":{"start":{"line":44,"column":6},"end":{"line":44,"column":66}},"type":"binary-expr","locations":[{"start":{"line":44,"column":6},"end":{"line":44,"column":18}},{"start":{"line":44,"column":18},"end":{"line":44,"column":49}},{"start":{"line":44,"column":49},"end":{"line":44,"column":66}}]},"2":{"loc":{"start":{"line":56,"column":2},"end":{"line":56,"column":null}},"type":"default-arg","locations":[{"start":{"line":56,"column":34},"end":{"line":56,"column":null}}]},"3":{"loc":{"start":{"line":58,"column":2},"end":{"line":60,"column":null}},"type":"if","locations":[{"start":{"line":58,"column":2},"end":{"line":60,"column":null}},{"start":{},"end":{}}]},"4":{"loc":{"start":{"line":58,"column":6},"end":{"line":58,"column":66}},"type":"binary-expr","locations":[{"start":{"line":58,"column":6},"end":{"line":58,"column":26}},{"start":{"line":58,"column":26},"end":{"line":58,"column":66}}]},"5":{"loc":{"start":{"line":71,"column":4},"end":{"line":74,"column":null}},"type":"if","locations":[{"start":{"line":71,"column":4},"end":{"line":74,"column":null}},{"start":{},"end":{}}]},"6":{"loc":{"start":{"line":82,"column":4},"end":{"line":85,"column":null}},"type":"if","locations":[{"start":{"line":82,"column":4},"end":{"line":85,"column":null}},{"start":{},"end":{}}]},"7":{"loc":{"start":{"line":93,"column":4},"end":{"line":96,"column":null}},"type":"if","locations":[{"start":{"line":93,"column":4},"end":{"line":96,"column":null}},{"start":{},"end":{}}]}},"s":{"0":2,"1":29,"2":2,"3":27,"4":167,"5":15,"6":6,"7":9,"8":9,"9":9,"10":9,"11":13,"12":13,"13":2,"14":9,"15":2,"16":2,"17":1,"18":9,"19":2,"20":2,"21":1,"22":9,"23":1,"24":1,"25":1},"f":{"0":29,"1":167,"2":15,"3":13,"4":2,"5":2,"6":1},"b":{"0":[2,27],"1":[29,28,28],"2":[1],"3":[6,9],"4":[15,13],"5":[2,11],"6":[1,1],"7":[1,1]}}
,"/home/runner/work/dx-engine/dx-engine/apps/preload/src/index.ts": {"path":"/home/runner/work/dx-engine/dx-engine/apps/preload/src/index.ts","statementMap":{"0":{"start":{"line":11,"column":20},"end":{"line":11,"column":null}},"1":{"start":{"line":13,"column":20},"end":{"line":17,"column":null}},"2":{"start":{"line":21,"column":0},"end":{"line":21,"column":null}}},"fnMap":{},"branchMap":{},"s":{"0":2,"1":2,"2":2},"f":{},"b":{}}
,"/home/runner/work/dx-engine/dx-engine/apps/preload/src/ipcMain.ts": {"path":"/home/runner/work/dx-engine/dx-engine/apps/preload/src/ipcMain.ts","statementMap":{"0":{"start":{"line":12,"column":6},"end":{"line":12,"column":null}},"1":{"start":{"line":15,"column":4},"end":{"line":15,"column":null}},"2":{"start":{"line":17,"column":4},"end":{"line":17,"column":null}},"3":{"start":{"line":24,"column":4},"end":{"line":24,"column":null}},"4":{"start":{"line":25,"column":4},"end":{"line":26,"column":null}},"5":{"start":{"line":26,"column":6},"end":{"line":26,"column":null}},"6":{"start":{"line":27,"column":4},"end":{"line":27,"column":null}},"7":{"start":{"line":31,"column":4},"end":{"line":33,"column":null}},"8":{"start":{"line":32,"column":6},"end":{"line":32,"column":null}},"9":{"start":{"line":41,"column":20},"end":{"line":41,"column":null}},"10":{"start":{"line":44,"column":4},"end":{"line":49,"column":null}},"11":{"start":{"line":45,"column":6},"end":{"line":48,"column":null}},"12":{"start":{"line":53,"column":4},"end":{"line":53,"column":null}},"13":{"start":{"line":60,"column":4},"end":{"line":78,"column":null}},"14":{"start":{"line":62,"column":6},"end":{"line":72,"column":null}},"15":{"start":{"line":63,"column":20},"end":{"line":65,"column":null}},"16":{"start":{"line":66,"column":8},"end":{"line":69,"column":null}},"17":{"start":{"line":71,"column":8},"end":{"line":71,"column":null}},"18":{"start":{"line":74,"column":6},"end":{"line":77,"column":null}}},"fnMap":{"0":{"name":"(anonymous_0)","decl":{"start":{"line":14,"column":2},"end":{"line":14,"column":14}},"loc":{"start":{"line":14,"column":38},"end":{"line":18,"column":null}}},"1":{"name":"(anonymous_1)","decl":{"start":{"line":20,"column":2},"end":{"line":20,"column":null}},"loc":{"start":{"line":23,"column":10},"end":{"line":28,"column":null}}},"2":{"name":"(anonymous_2)","decl":{"start":{"line":30,"column":2},"end":{"line":30,"column":35}},"loc":{"start":{"line":30,"column":52},"end":{"line":34,"column":null}}},"3":{"name":"(anonymous_3)","decl":{"start":{"line":36,"column":2},"end":{"line":36,"column":8}},"loc":{"start":{"line":39,"column":19},"end":{"line":50,"column":null}}},"4":{"name":"(anonymous_4)","decl":{"start":{"line":44,"column":20},"end":{"line":44,"column":21}},"loc":{"start":{"line":44,"column":32},"end":{"line":49,"column":5}}},"5":{"name":"(anonymous_5)","decl":{"start":{"line":52,"column":10},"end":{"line":52,"column":24}},"loc":{"start":{"line":52,"column":24},"end":{"line":54,"column":null}}},"6":{"name":"(anonymous_6)","decl":{"start":{"line":56,"column":2},"end":{"line":56,"column":16}},"loc":{"start":{"line":59,"column":4},"end":{"line":79,"column":null}}}},"branchMap":{"0":{"loc":{"start":{"line":14,"column":14},"end":{"line":14,"column":38}},"type":"default-arg","locations":[{"start":{"line":14,"column":24},"end":{"line":14,"column":38}}]},"1":{"loc":{"start":{"line":25,"column":4},"end":{"line":26,"column":null}},"type":"if","locations":[{"start":{"line":25,"column":4},"end":{"line":26,"column":null}},{"start":{},"end":{}}]},"2":{"loc":{"start":{"line":31,"column":4},"end":{"line":33,"column":null}},"type":"if","locations":[{"start":{"line":31,"column":4},"end":{"line":33,"column":null}},{"start":{},"end":{}}]},"3":{"loc":{"start":{"line":62,"column":6},"end":{"line":72,"column":null}},"type":"if","locations":[{"start":{"line":62,"column":6},"end":{"line":72,"column":null}},{"start":{"line":70,"column":13},"end":{"line":72,"column":null}}]},"4":{"loc":{"start":{"line":76,"column":15},"end":{"line":76,"column":null}},"type":"cond-expr","locations":[{"start":{"line":76,"column":36},"end":{"line":76,"column":48}},{"start":{"line":76,"column":48},"end":{"line":76,"column":null}}]}},"s":{"0":20,"1":20,"2":20,"3":19,"4":19,"5":3,"6":16,"7":2,"8":2,"9":2,"10":2,"11":2,"12":20,"13":4,"14":4,"15":3,"16":1,"17":1,"18":3},"f":{"0":20,"1":19,"2":2,"3":2,"4":2,"5":20,"6":4},"b":{"0":[17],"1":[3,16],"2":[2,0],"3":[3,1],"4":[2,1]}}
,"/home/runner/work/dx-engine/dx-engine/apps/preload/src/ipcRenderer.ts": {"path":"/home/runner/work/dx-engine/dx-engine/apps/preload/src/ipcRenderer.ts","statementMap":{"0":{"start":{"line":12,"column":6},"end":{"line":12,"column":null}},"1":{"start":{"line":15,"column":4},"end":{"line":15,"column":null}},"2":{"start":{"line":17,"column":4},"end":{"line":17,"column":null}},"3":{"start":{"line":20,"column":9},"end":{"line":44,"column":null}},"4":{"start":{"line":24,"column":4},"end":{"line":43,"column":null}},"5":{"start":{"line":26,"column":6},"end":{"line":42,"column":null}},"6":{"start":{"line":32,"column":10},"end":{"line":38,"column":null}},"7":{"start":{"line":33,"column":12},"end":{"line":33,"column":null}},"8":{"start":{"line":36,"column":12},"end":{"line":36,"column":null}},"9":{"start":{"line":37,"column":12},"end":{"line":37,"column":null}},"10":{"start":{"line":41,"column":10},"end":{"line":41,"column":null}},"11":{"start":{"line":46,"column":7},"end":{"line":65,"column":null}},"12":{"start":{"line":50,"column":4},"end":{"line":50,"column":null}},"13":{"start":{"line":52,"column":4},"end":{"line":52,"column":null}},"14":{"start":{"line":55,"column":4},"end":{"line":64,"column":null}},"15":{"start":{"line":56,"column":6},"end":{"line":63,"column":null}},"16":{"start":{"line":59,"column":22},"end":{"line":61,"column":null}},"17":{"start":{"line":62,"column":8},"end":{"line":62,"column":null}},"18":{"start":{"line":71,"column":30},"end":{"line":71,"column":null}},"19":{"start":{"line":73,"column":4},"end":{"line":77,"column":null}},"20":{"start":{"line":74,"column":6},"end":{"line":76,"column":null}},"21":{"start":{"line":75,"column":8},"end":{"line":75,"column":null}},"22":{"start":{"line":81,"column":4},"end":{"line":81,"column":null}}},"fnMap":{"0":{"name":"(anonymous_0)","decl":{"start":{"line":14,"column":2},"end":{"line":14,"column":14}},"loc":{"start":{"line":14,"column":38},"end":{"line":18,"column":null}}},"1":{"name":"(anonymous_1)","decl":{"start":{"line":20,"column":9},"end":{"line":20,"column":null}},"loc":{"start":{"line":23,"column":53},"end":{"line":44,"column":null}}},"2":{"name":"(anonymous_2)","decl":{"start":{"line":24,"column":23},"end":{"line":24,"column":24}},"loc":{"start":{"line":24,"column":44},"end":{"line":43,"column":5}}},"3":{"name":"(anonymous_3)","decl":{"start":{"line":31,"column":14},"end":{"line":31,"column":15}},"loc":{"start":{"line":31,"column":24},"end":{"line":39,"column":9}}},"4":{"name":"(anonymous_4)","decl":{"start":{"line":40,"column":15},"end":{"line":40,"column":16}},"loc":{"start":{"line":40,"column":24},"end":{"line":42,"column":9}}},"5":{"name":"(anonymous_5)","decl":{"start":{"line":46,"column":7},"end":{"line":46,"column":null}},"loc":{"start":{"line":49,"column":21},"end":{"line":65,"column":null}}},"6":{"name":"(anonymous_6)","decl":{"start":{"line":55,"column":11},"end":{"line":55,"column":17}},"loc":{"start":{"line":55,"column":17},"end":{"line":64,"column":null}}},"7":{"name":"(anonymous_7)","decl":{"start":{"line":67,"column":10},"end":{"line":67,"column":null}},"loc":{"start":{"line":70,"column":4},"end":{"line":78,"column":null}}},"8":{"name":"(anonymous_8)","decl":{"start":{"line":80,"column":10},"end":{"line":80,"column":24}},"loc":{"start":{"line":80,"column":24},"end":{"line":82,"column":null}}}},"branchMap":{"0":{"loc":{"start":{"line":14,"column":14},"end":{"line":14,"column":38}},"type":"default-arg","locations":[{"start":{"line":14,"column":24},"end":{"line":14,"column":38}}]},"1":{"loc":{"start":{"line":32,"column":10},"end":{"line":38,"column":null}},"type":"if","locations":[{"start":{"line":32,"column":10},"end":{"line":38,"column":null}},{"start":{"line":34,"column":17},"end":{"line":38,"column":null}}]},"2":{"loc":{"start":{"line":56,"column":6},"end":{"line":63,"column":null}},"type":"if","locations":[{"start":{"line":56,"column":6},"end":{"line":63,"column":null}},{"start":{},"end":{}}]},"3":{"loc":{"start":{"line":73,"column":4},"end":{"line":77,"column":null}},"type":"if","locations":[{"start":{"line":73,"column":4},"end":{"line":77,"column":null}},{"start":{},"end":{}}]}},"s":{"0":14,"1":14,"2":14,"3":14,"4":4,"5":4,"6":2,"7":1,"8":1,"9":1,"10":1,"11":14,"12":5,"13":5,"14":5,"15":2,"16":2,"17":2,"18":4,"19":4,"20":3,"21":3,"22":14},"f":{"0":14,"1":4,"2":4,"3":2,"4":1,"5":5,"6":2,"7":4,"8":14},"b":{"0":[12],"1":[1,1],"2":[2,0],"3":[3,1]}}
,"/home/runner/work/dx-engine/dx-engine/apps/web/src/App.vue": {"path":"/home/runner/work/dx-engine/dx-engine/apps/web/src/App.vue","statementMap":{"0":{"start":{"line":27,"column":21},"end":{"line":27,"column":null}},"1":{"start":{"line":30,"column":50},"end":{"line":30,"column":null}},"2":{"start":{"line":41,"column":4},"end":{"line":41,"column":null}},"3":{"start":{"line":44,"column":44},"end":{"line":44,"column":null}},"4":{"start":{"line":47,"column":20},"end":{"line":47,"column":null}},"5":{"start":{"line":48,"column":21},"end":{"line":48,"column":null}},"6":{"start":{"line":51,"column":0},"end":{"line":54,"column":null}},"7":{"start":{"line":57,"column":25},"end":{"line":65,"column":null}},"8":{"start":{"line":58,"column":2},"end":{"line":58,"column":null}},"9":{"start":{"line":60,"column":2},"end":{"line":60,"column":null}},"10":{"start":{"line":62,"column":2},"end":{"line":62,"column":null}},"11":{"start":{"line":64,"column":2},"end":{"line":64,"column":null}},"12":{"start":{"line":68,"column":29},"end":{"line":87,"column":null}},"13":{"start":{"line":70,"column":2},"end":{"line":83,"column":null}},"14":{"start":{"line":72,"column":6},"end":{"line":72,"column":null}},"15":{"start":{"line":73,"column":6},"end":{"line":73,"column":null}},"16":{"start":{"line":75,"column":6},"end":{"line":75,"column":null}},"17":{"start":{"line":76,"column":6},"end":{"line":76,"column":null}},"18":{"start":{"line":78,"column":6},"end":{"line":78,"column":null}},"19":{"start":{"line":79,"column":6},"end":{"line":79,"column":null}},"20":{"start":{"line":81,"column":6},"end":{"line":81,"column":null}},"21":{"start":{"line":82,"column":6},"end":{"line":82,"column":null}},"22":{"start":{"line":86,"column":2},"end":{"line":86,"column":null}},"23":{"start":{"line":90,"column":33},"end":{"line":93,"column":null}},"24":{"start":{"line":92,"column":2},"end":{"line":92,"column":null}},"25":{"start":{"line":95,"column":29},"end":{"line":98,"column":null}},"26":{"start":{"line":97,"column":2},"end":{"line":97,"column":null}},"27":{"start":{"line":100,"column":27},"end":{"line":103,"column":null}},"28":{"start":{"line":102,"column":2},"end":{"line":102,"column":null}},"29":{"start":{"line":105,"column":31},"end":{"line":108,"column":null}},"30":{"start":{"line":107,"column":2},"end":{"line":107,"column":null}},"31":{"start":{"line":111,"column":19},"end":{"line":113,"column":null}},"32":{"start":{"line":115,"column":19},"end":{"line":117,"column":null}},"33":{"start":{"line":120,"column":19},"end":{"line":129,"column":null}},"34":{"start":{"line":122,"column":2},"end":{"line":128,"column":null}},"35":{"start":{"line":127,"column":4},"end":{"line":127,"column":null}},"36":{"start":{"line":148,"column":11},"end":{"line":148,"column":null}},"37":{"start":{"line":150,"column":13},"end":{"line":150,"column":null}},"38":{"start":{"line":159,"column":13},"end":{"line":159,"column":null}},"39":{"start":{"line":174,"column":11},"end":{"line":174,"column":null}},"40":{"start":{"line":199,"column":9},"end":{"line":199,"column":null}},"41":{"start":{"line":201,"column":49},"end":{"line":201,"column":null}},"42":{"start":{"line":234,"column":45},"end":{"line":234,"column":null}},"43":{"start":{"line":235,"column":13},"end":{"line":235,"column":null}},"44":{"start":{"line":258,"column":15},"end":{"line":258,"column":null}},"45":{"start":{"line":276,"column":43},"end":{"line":276,"column":null}},"46":{"start":{"line":277,"column":13},"end":{"line":277,"column":null}},"47":{"start":{"line":298,"column":15},"end":{"line":298,"column":null}},"48":{"start":{"line":316,"column":47},"end":{"line":316,"column":null}},"49":{"start":{"line":317,"column":13},"end":{"line":317,"column":null}},"50":{"start":{"line":340,"column":15},"end":{"line":340,"column":null}},"51":{"start":{"line":191,"column":23},"end":{"line":191,"column":null}},"52":{"start":{"line":377,"column":7},"end":{"line":376,"column":null}},"53":{"start":{"line":268,"column":53},"end":{"line":270,"column":25}},"54":{"start":{"line":308,"column":53},"end":{"line":310,"column":25}},"55":{"start":{"line":350,"column":53},"end":{"line":352,"column":25}}},"fnMap":{"0":{"name":"(anonymous_1)","decl":{"start":{"line":51,"column":10},"end":{"line":51,"column":22}},"loc":{"start":{"line":51,"column":22},"end":{"line":54,"column":1}}},"1":{"name":"(anonymous_2)","decl":{"start":{"line":57,"column":25},"end":{"line":57,"column":26}},"loc":{"start":{"line":57,"column":45},"end":{"line":65,"column":null}}},"2":{"name":"(anonymous_3)","decl":{"start":{"line":68,"column":29},"end":{"line":68,"column":30}},"loc":{"start":{"line":68,"column":66},"end":{"line":87,"column":null}}},"3":{"name":"(anonymous_4)","decl":{"start":{"line":90,"column":33},"end":{"line":90,"column":34}},"loc":{"start":{"line":90,"column":54},"end":{"line":93,"column":null}}},"4":{"name":"(anonymous_5)","decl":{"start":{"line":95,"column":29},"end":{"line":95,"column":30}},"loc":{"start":{"line":95,"column":50},"end":{"line":98,"column":null}}},"5":{"name":"(anonymous_6)","decl":{"start":{"line":100,"column":27},"end":{"line":100,"column":28}},"loc":{"start":{"line":100,"column":48},"end":{"line":103,"column":null}}},"6":{"name":"(anonymous_7)","decl":{"start":{"line":105,"column":31},"end":{"line":105,"column":32}},"loc":{"start":{"line":105,"column":52},"end":{"line":108,"column":null}}},"7":{"name":"(anonymous_8)","decl":{"start":{"line":111,"column":19},"end":{"line":111,"column":25}},"loc":{"start":{"line":111,"column":25},"end":{"line":113,"column":null}}},"8":{"name":"(anonymous_9)","decl":{"start":{"line":115,"column":19},"end":{"line":115,"column":25}},"loc":{"start":{"line":115,"column":25},"end":{"line":117,"column":null}}},"9":{"name":"(anonymous_10)","decl":{"start":{"line":120,"column":19},"end":{"line":120,"column":25}},"loc":{"start":{"line":120,"column":25},"end":{"line":129,"column":null}}},"10":{"name":"(anonymous_17)","decl":{"start":{"line":191,"column":23},"end":{"line":191,"column":35}},"loc":{"start":{"line":191,"column":23},"end":{"line":191,"column":null}}},"11":{"name":"(anonymous_19)","decl":{"start":{"line":373,"column":6},"end":{"line":373,"column":null}},"loc":{"start":{"line":377,"column":7},"end":{"line":376,"column":null}}},"12":{"name":"(anonymous_21)","decl":{"start":{"line":268,"column":14},"end":{"line":268,"column":24}},"loc":{"start":{"line":268,"column":53},"end":{"line":270,"column":25}}},"13":{"name":"(anonymous_22)","decl":{"start":{"line":308,"column":14},"end":{"line":308,"column":24}},"loc":{"start":{"line":308,"column":53},"end":{"line":310,"column":25}}},"14":{"name":"(anonymous_23)","decl":{"start":{"line":350,"column":14},"end":{"line":350,"column":24}},"loc":{"start":{"line":350,"column":53},"end":{"line":352,"column":25}}}},"branchMap":{"0":{"loc":{"start":{"line":70,"column":2},"end":{"line":83,"column":null}},"type":"switch","locations":[{"start":{"line":71,"column":4},"end":{"line":73,"column":null}},{"start":{"line":74,"column":4},"end":{"line":76,"column":null}},{"start":{"line":77,"column":4},"end":{"line":79,"column":null}},{"start":{"line":80,"column":4},"end":{"line":82,"column":null}}]},"1":{"loc":{"start":{"line":122,"column":2},"end":{"line":128,"column":null}},"type":"if","locations":[{"start":{"line":122,"column":2},"end":{"line":128,"column":null}},{"start":{"line":125,"column":9},"end":{"line":128,"column":null}}]},"2":{"loc":{"start":{"line":135,"column":29},"end":{"line":141,"column":null}},"type":"cond-expr","locations":[{"start":{"line":135,"column":40},"end":{"line":135,"column":null}},{"start":{"line":137,"column":17},"end":{"line":141,"column":null}}]},"3":{"loc":{"start":{"line":137,"column":17},"end":{"line":141,"column":null}},"type":"cond-expr","locations":[{"start":{"line":137,"column":28},"end":{"line":138,"column":null}},{"start":{"line":139,"column":40},"end":{"line":141,"column":null}}]},"4":{"loc":{"start":{"line":139,"column":40},"end":{"line":141,"column":null}},"type":"cond-expr","locations":[{"start":{"line":139,"column":51},"end":{"line":139,"column":null}},{"start":{"line":140,"column":37},"end":{"line":141,"column":null}}]},"5":{"loc":{"start":{"line":140,"column":37},"end":{"line":141,"column":null}},"type":"cond-expr","locations":[{"start":{"line":140,"column":48},"end":{"line":140,"column":null}},{"start":{"line":141,"column":37},"end":{"line":141,"column":null}}]},"6":{"loc":{"start":{"line":141,"column":37},"end":{"line":141,"column":null}},"type":"cond-expr","locations":[{"start":{"line":141,"column":48},"end":{"line":141,"column":null}},{"start":{"line":141,"column":69},"end":{"line":141,"column":null}}]},"7":{"loc":{"start":{"line":153,"column":26},"end":{"line":154,"column":54}},"type":"cond-expr","locations":[{"start":{"line":153,"column":34},"end":{"line":154,"column":54}},{"start":{"line":154,"column":40},"end":{"line":154,"column":54}}]},"8":{"loc":{"start":{"line":191,"column":23},"end":{"line":191,"column":null}},"type":"binary-expr","locations":[{"start":{"line":191,"column":23},"end":{"line":191,"column":35}},{"start":{"line":191,"column":23},"end":{"line":191,"column":null}}]},"9":{"loc":{"start":{"line":231,"column":12},"end":{"line":231,"column":null}},"type":"binary-expr","locations":[{"start":{"line":231,"column":12},"end":{"line":231,"column":null}}]},"10":{"loc":{"start":{"line":272,"column":14},"end":{"line":236,"column":49}},"type":"binary-expr","locations":[{"start":{"line":272,"column":14},"end":{"line":272,"column":null}},{"start":{"line":272,"column":14},"end":{"line":236,"column":49}}]},"11":{"loc":{"start":{"line":236,"column":44},"end":{"line":237,"column":80}},"type":"binary-expr","locations":[{"start":{"line":236,"column":44},"end":{"line":236,"column":49}},{"start":{"line":236,"column":44},"end":{"line":237,"column":80}}]},"12":{"loc":{"start":{"line":237,"column":76},"end":{"line":237,"column":80}},"type":"binary-expr","locations":[{"start":{"line":237,"column":76},"end":{"line":237,"column":80}}]},"13":{"loc":{"start":{"line":271,"column":16},"end":{"line":261,"column":16}},"type":"binary-expr","locations":[{"start":{"line":271,"column":16},"end":{"line":271,"column":null}},{"start":{"line":271,"column":16},"end":{"line":261,"column":16}}]},"14":{"loc":{"start":{"line":312,"column":14},"end":{"line":278,"column":47}},"type":"binary-expr","locations":[{"start":{"line":312,"column":14},"end":{"line":312,"column":null}},{"start":{"line":312,"column":14},"end":{"line":278,"column":47}}]},"15":{"loc":{"start":{"line":278,"column":42},"end":{"line":279,"column":74}},"type":"binary-expr","locations":[{"start":{"line":278,"column":42},"end":{"line":278,"column":47}},{"start":{"line":278,"column":42},"end":{"line":279,"column":74}}]},"16":{"loc":{"start":{"line":279,"column":70},"end":{"line":279,"column":74}},"type":"binary-expr","locations":[{"start":{"line":279,"column":70},"end":{"line":279,"column":74}}]},"17":{"loc":{"start":{"line":311,"column":16},"end":{"line":301,"column":16}},"type":"binary-expr","locations":[{"start":{"line":311,"column":16},"end":{"line":311,"column":null}},{"start":{"line":311,"column":16},"end":{"line":301,"column":16}}]},"18":{"loc":{"start":{"line":354,"column":14},"end":{"line":318,"column":51}},"type":"binary-expr","locations":[{"start":{"line":354,"column":14},"end":{"line":354,"column":null}},{"start":{"line":354,"column":14},"end":{"line":318,"column":51}}]},"19":{"loc":{"start":{"line":318,"column":46},"end":{"line":321,"column":14}},"type":"binary-expr","locations":[{"start":{"line":318,"column":46},"end":{"line":318,"column":51}},{"start":{"line":318,"column":46},"end":{"line":321,"column":14}}]},"20":{"loc":{"start":{"line":321,"column":10},"end":{"line":321,"column":14}},"type":"binary-expr","locations":[{"start":{"line":321,"column":10},"end":{"line":321,"column":14}}]},"21":{"loc":{"start":{"line":353,"column":16},"end":{"line":343,"column":16}},"type":"binary-expr","locations":[{"start":{"line":353,"column":16},"end":{"line":353,"column":null}},{"start":{"line":353,"column":16},"end":{"line":343,"column":16}}]}},"s":{"0":12,"1":12,"2":12,"3":12,"4":12,"5":12,"6":12,"7":12,"8":5,"9":5,"10":5,"11":5,"12":12,"13":4,"14":1,"15":1,"16":1,"17":1,"18":1,"19":1,"20":1,"21":1,"22":4,"23":12,"24":1,"25":12,"26":1,"27":12,"28":1,"29":12,"30":1,"31":12,"32":12,"33":12,"34":0,"35":0,"36":1,"37":1,"38":1,"39":1,"40":1,"41":1,"42":1,"43":1,"44":1,"45":1,"46":1,"47":1,"48":1,"49":1,"50":1,"51":1,"52":18,"53":0,"54":0,"55":0},"f":{"0":0,"1":5,"2":4,"3":1,"4":1,"5":1,"6":1,"7":1,"8":1,"9":0,"10":1,"11":18,"12":0,"13":0,"14":0},"b":{"0":[1,1,1,1],"1":[0,0],"2":[0,0],"3":[0,0],"4":[0,0],"5":[0,0],"6":[0,0],"7":[18,0],"8":[18,12],"9":[0],"10":[0,0],"11":[0,0],"12":[0],"13":[0,0],"14":[0,0],"15":[0,0],"16":[0],"17":[0,0],"18":[0,0],"19":[0,0],"20":[0],"21":[0,0]}}
,"/home/runner/work/dx-engine/dx-engine/apps/web/src/main.ts": {"path":"/home/runner/work/dx-engine/dx-engine/apps/web/src/main.ts","statementMap":{"0":{"start":{"line":5,"column":0},"end":{"line":5,"column":null}}},"fnMap":{},"branchMap":{},"s":{"0":2},"f":{},"b":{}}
,"/home/runner/work/dx-engine/dx-engine/apps/web/src/components/atoms/BaseButton.vue": {"path":"/home/runner/work/dx-engine/dx-engine/apps/web/src/components/atoms/BaseButton.vue","statementMap":{"0":{"start":{"line":21,"column":14},"end":{"line":21,"column":null}},"1":{"start":{"line":28,"column":13},"end":{"line":28,"column":null}},"2":{"start":{"line":30,"column":22},"end":{"line":108,"column":null}},"3":{"start":{"line":31,"column":15},"end":{"line":44,"column":null}},"4":{"start":{"line":47,"column":16},"end":{"line":51,"column":null}},"5":{"start":{"line":54,"column":19},"end":{"line":99,"column":null}},"6":{"start":{"line":101,"column":18},"end":{"line":101,"column":null}},"7":{"start":{"line":103,"column":2},"end":{"line":105,"column":null}},"8":{"start":{"line":104,"column":4},"end":{"line":104,"column":null}},"9":{"start":{"line":107,"column":2},"end":{"line":107,"column":null}},"10":{"start":{"line":110,"column":20},"end":{"line":114,"column":null}},"11":{"start":{"line":111,"column":2},"end":{"line":113,"column":null}},"12":{"start":{"line":112,"column":4},"end":{"line":112,"column":null}},"13":{"start":{"line":2,"column":2},"end":{"line":3,"column":null}}},"fnMap":{"0":{"name":"(anonymous_1)","decl":{"start":{"line":30,"column":31},"end":{"line":30,"column":37}},"loc":{"start":{"line":30,"column":37},"end":{"line":108,"column":1}}},"1":{"name":"(anonymous_2)","decl":{"start":{"line":110,"column":20},"end":{"line":110,"column":21}},"loc":{"start":{"line":110,"column":43},"end":{"line":114,"column":null}}}},"branchMap":{"0":{"loc":{"start":{"line":103,"column":2},"end":{"line":105,"column":null}},"type":"if","locations":[{"start":{"line":103,"column":2},"end":{"line":105,"column":null}},{"start":{},"end":{}}]},"1":{"loc":{"start":{"line":111,"column":2},"end":{"line":113,"column":null}},"type":"if","locations":[{"start":{"line":111,"column":2},"end":{"line":113,"column":null}},{"start":{},"end":{}}]}},"s":{"0":76,"1":76,"2":76,"3":76,"4":76,"5":76,"6":76,"7":76,"8":1,"9":76,"10":76,"11":2,"12":2,"13":77},"f":{"0":76,"1":2},"b":{"0":[1,75],"1":[2,0]}}
,"/home/runner/work/dx-engine/dx-engine/apps/web/src/components/atoms/BaseIcon.vue": {"path":"/home/runner/work/dx-engine/dx-engine/apps/web/src/components/atoms/BaseIcon.vue","statementMap":{"0":{"start":{"line":21,"column":14},"end":{"line":21,"column":null}},"1":{"start":{"line":29,"column":18},"end":{"line":31,"column":null}},"2":{"start":{"line":30,"column":2},"end":{"line":30,"column":null}},"3":{"start":{"line":30,"column":36},"end":{"line":30,"column":71}},"4":{"start":{"line":33,"column":20},"end":{"line":53,"column":null}},"5":{"start":{"line":34,"column":15},"end":{"line":34,"column":null}},"6":{"start":{"line":37,"column":16},"end":{"line":43,"column":null}},"7":{"start":{"line":45,"column":18},"end":{"line":45,"column":null}},"8":{"start":{"line":48,"column":2},"end":{"line":50,"column":null}},"9":{"start":{"line":49,"column":4},"end":{"line":49,"column":null}},"10":{"start":{"line":52,"column":2},"end":{"line":52,"column":null}},"11":{"start":{"line":2,"column":2},"end":{"line":6,"column":null}}},"fnMap":{"0":{"name":"(anonymous_1)","decl":{"start":{"line":29,"column":27},"end":{"line":29,"column":33}},"loc":{"start":{"line":29,"column":33},"end":{"line":31,"column":1}}},"1":{"name":"(anonymous_2)","decl":{"start":{"line":30,"column":30},"end":{"line":30,"column":36}},"loc":{"start":{"line":30,"column":36},"end":{"line":30,"column":71}}},"2":{"name":"(anonymous_3)","decl":{"start":{"line":33,"column":29},"end":{"line":33,"column":35}},"loc":{"start":{"line":33,"column":35},"end":{"line":53,"column":1}}}},"branchMap":{"0":{"loc":{"start":{"line":48,"column":2},"end":{"line":50,"column":null}},"type":"if","locations":[{"start":{"line":48,"column":2},"end":{"line":50,"column":null}},{"start":{},"end":{}}]},"1":{"loc":{"start":{"line":6,"column":17},"end":{"line":6,"column":null}},"type":"cond-expr","locations":[{"start":{"line":6,"column":30},"end":{"line":6,"column":42}},{"start":{"line":6,"column":42},"end":{"line":6,"column":null}}]}},"s":{"0":418,"1":418,"2":418,"3":418,"4":418,"5":418,"6":418,"7":418,"8":418,"9":2,"10":418,"11":430},"f":{"0":418,"1":418,"2":418},"b":{"0":[2,416],"1":[2,428]}}
,"/home/runner/work/dx-engine/dx-engine/apps/web/src/components/atoms/BaseLogo.vue": {"path":"/home/runner/work/dx-engine/dx-engine/apps/web/src/components/atoms/BaseLogo.vue","statementMap":{"0":{"start":{"line":15,"column":14},"end":{"line":15,"column":null}},"1":{"start":{"line":21,"column":19},"end":{"line":21,"column":null}},"2":{"start":{"line":23,"column":16},"end":{"line":33,"column":null}},"3":{"start":{"line":24,"column":2},"end":{"line":26,"column":null}},"4":{"start":{"line":25,"column":4},"end":{"line":25,"column":null}},"5":{"start":{"line":28,"column":16},"end":{"line":28,"column":null}},"6":{"start":{"line":29,"column":2},"end":{"line":31,"column":null}},"7":{"start":{"line":30,"column":4},"end":{"line":30,"column":null}},"8":{"start":{"line":32,"column":2},"end":{"line":32,"column":null}},"9":{"start":{"line":35,"column":20},"end":{"line":47,"column":null}},"10":{"start":{"line":36,"column":15},"end":{"line":36,"column":null}},"11":{"start":{"line":39,"column":16},"end":{"line":44,"column":null}},"12":{"start":{"line":46,"column":2},"end":{"line":46,"column":null}},"13":{"start":{"line":49,"column":20},"end":{"line":52,"column":null}},"14":{"start":{"line":50,"column":2},"end":{"line":50,"column":null}},"15":{"start":{"line":2,"column":2},"end":{"line":2,"column":77}}},"fnMap":{"0":{"name":"(anonymous_1)","decl":{"start":{"line":23,"column":25},"end":{"line":23,"column":31}},"loc":{"start":{"line":23,"column":31},"end":{"line":33,"column":1}}},"1":{"name":"(anonymous_2)","decl":{"start":{"line":35,"column":29},"end":{"line":35,"column":35}},"loc":{"start":{"line":35,"column":35},"end":{"line":47,"column":1}}},"2":{"name":"(anonymous_3)","decl":{"start":{"line":49,"column":20},"end":{"line":49,"column":26}},"loc":{"start":{"line":49,"column":26},"end":{"line":52,"column":null}}}},"branchMap":{"0":{"loc":{"start":{"line":24,"column":2},"end":{"line":26,"column":null}},"type":"if","locations":[{"start":{"line":24,"column":2},"end":{"line":26,"column":null}},{"start":{},"end":{}}]},"1":{"loc":{"start":{"line":28,"column":16},"end":{"line":28,"column":null}},"type":"cond-expr","locations":[{"start":{"line":28,"column":31},"end":{"line":28,"column":40}},{"start":{"line":28,"column":40},"end":{"line":28,"column":null}}]},"2":{"loc":{"start":{"line":29,"column":2},"end":{"line":31,"column":null}},"type":"if","locations":[{"start":{"line":29,"column":2},"end":{"line":31,"column":null}},{"start":{},"end":{}}]}},"s":{"0":112,"1":112,"2":112,"3":112,"4":14,"5":98,"6":98,"7":95,"8":3,"9":112,"10":112,"11":112,"12":112,"13":112,"14":2,"15":112},"f":{"0":112,"1":112,"2":2},"b":{"0":[14,98],"1":[2,96],"2":[95,3]}}
,"/home/runner/work/dx-engine/dx-engine/apps/web/src/components/atoms/CtaButton.vue": {"path":"/home/runner/work/dx-engine/dx-engine/apps/web/src/components/atoms/CtaButton.vue","statementMap":{"0":{"start":{"line":8,"column":12},"end":{"line":8,"column":null}}},"fnMap":{"0":{"name":"(anonymous_2)","decl":{"start":{"line":8,"column":10},"end":{"line":8,"column":12}},"loc":{"start":{"line":8,"column":12},"end":{"line":8,"column":null}}}},"branchMap":{"0":{"loc":{"start":{"line":8,"column":10},"end":{"line":8,"column":null}},"type":"binary-expr","locations":[{"start":{"line":8,"column":10},"end":{"line":8,"column":12}},{"start":{"line":8,"column":10},"end":{"line":8,"column":null}}]}},"s":{"0":2},"f":{"0":2},"b":{"0":[15,15]}}
,"/home/runner/work/dx-engine/dx-engine/apps/web/src/components/atoms/PlayButton.vue": {"path":"/home/runner/work/dx-engine/dx-engine/apps/web/src/components/atoms/PlayButton.vue","statementMap":{"0":{"start":{"line":26,"column":14},"end":{"line":26,"column":null}},"1":{"start":{"line":30,"column":13},"end":{"line":30,"column":null}},"2":{"start":{"line":32,"column":18},"end":{"line":32,"column":null}},"3":{"start":{"line":34,"column":20},"end":{"line":44,"column":null}},"4":{"start":{"line":35,"column":2},"end":{"line":35,"column":null}},"5":{"start":{"line":35,"column":22},"end":{"line":35,"column":null}},"6":{"start":{"line":37,"column":2},"end":{"line":43,"column":null}},"7":{"start":{"line":38,"column":4},"end":{"line":38,"column":null}},"8":{"start":{"line":39,"column":4},"end":{"line":39,"column":null}},"9":{"start":{"line":41,"column":4},"end":{"line":41,"column":null}},"10":{"start":{"line":42,"column":4},"end":{"line":42,"column":null}}},"fnMap":{"0":{"name":"(anonymous_1)","decl":{"start":{"line":34,"column":20},"end":{"line":34,"column":26}},"loc":{"start":{"line":34,"column":26},"end":{"line":44,"column":null}}}},"branchMap":{"0":{"loc":{"start":{"line":35,"column":2},"end":{"line":35,"column":null}},"type":"if","locations":[{"start":{"line":35,"column":2},"end":{"line":35,"column":null}},{"start":{},"end":{}}]},"1":{"loc":{"start":{"line":37,"column":2},"end":{"line":43,"column":null}},"type":"if","locations":[{"start":{"line":37,"column":2},"end":{"line":43,"column":null}},{"start":{"line":40,"column":9},"end":{"line":43,"column":null}}]},"2":{"loc":{"start":{"line":5,"column":17},"end":{"line":5,"column":null}},"type":"cond-expr","locations":[{"start":{"line":5,"column":26},"end":{"line":5,"column":null}},{"start":{"line":5,"column":26},"end":{"line":5,"column":null}}]},"3":{"loc":{"start":{"line":6,"column":12},"end":{"line":6,"column":null}},"type":"cond-expr","locations":[{"start":{"line":6,"column":21},"end":{"line":6,"column":null}},{"start":{"line":6,"column":21},"end":{"line":6,"column":null}}]},"4":{"loc":{"start":{"line":9,"column":21},"end":{"line":9,"column":52}},"type":"cond-expr","locations":[{"start":{"line":9,"column":30},"end":{"line":9,"column":52}},{"start":{"line":9,"column":30},"end":{"line":9,"column":52}}]}},"s":{"0":27,"1":27,"2":27,"3":27,"4":16,"5":2,"6":14,"7":4,"8":4,"9":10,"10":10},"f":{"0":16},"b":{"0":[2,14],"1":[4,10],"2":[12,31],"3":[12,31],"4":[12,31]}}
,"/home/runner/work/dx-engine/dx-engine/apps/web/src/components/atoms/Sidebar.vue": {"path":"/home/runner/work/dx-engine/dx-engine/apps/web/src/components/atoms/Sidebar.vue","statementMap":{"0":{"start":{"line":62,"column":13},"end":{"line":62,"column":null}},"1":{"start":{"line":64,"column":20},"end":{"line":66,"column":null}},"2":{"start":{"line":65,"column":2},"end":{"line":65,"column":null}},"3":{"start":{"line":68,"column":32},"end":{"line":70,"column":null}},"4":{"start":{"line":69,"column":2},"end":{"line":69,"column":null}},"5":{"start":{"line":15,"column":9},"end":{"line":15,"column":null}},"6":{"start":{"line":24,"column":9},"end":{"line":24,"column":null}},"7":{"start":{"line":11,"column":13},"end":{"line":10,"column":51}},"8":{"start":{"line":27,"column":13},"end":{"line":26,"column":47}}},"fnMap":{"0":{"name":"(anonymous_1)","decl":{"start":{"line":64,"column":20},"end":{"line":64,"column":21}},"loc":{"start":{"line":64,"column":43},"end":{"line":66,"column":null}}},"1":{"name":"(anonymous_2)","decl":{"start":{"line":68,"column":32},"end":{"line":68,"column":38}},"loc":{"start":{"line":68,"column":38},"end":{"line":70,"column":null}}},"2":{"name":"(anonymous_4)","decl":{"start":{"line":9,"column":6},"end":{"line":9,"column":null}},"loc":{"start":{"line":11,"column":13},"end":{"line":10,"column":51}}},"3":{"name":"(anonymous_6)","decl":{"start":{"line":25,"column":6},"end":{"line":25,"column":null}},"loc":{"start":{"line":27,"column":13},"end":{"line":26,"column":47}}}},"branchMap":{"0":{"loc":{"start":{"line":11,"column":13},"end":{"line":10,"column":51}},"type":"binary-expr","locations":[{"start":{"line":11,"column":13},"end":{"line":11,"column":null}},{"start":{"line":11,"column":13},"end":{"line":10,"column":51}}]},"1":{"loc":{"start":{"line":20,"column":13},"end":{"line":20,"column":null}},"type":"binary-expr","locations":[{"start":{"line":20,"column":13},"end":{"line":20,"column":null}}]},"2":{"loc":{"start":{"line":27,"column":13},"end":{"line":26,"column":47}},"type":"binary-expr","locations":[{"start":{"line":27,"column":13},"end":{"line":27,"column":null}},{"start":{"line":27,"column":13},"end":{"line":26,"column":47}}]},"3":{"loc":{"start":{"line":34,"column":24},"end":{"line":34,"column":null}},"type":"binary-expr","locations":[{"start":{"line":34,"column":24},"end":{"line":34,"column":36}},{"start":{"line":34,"column":36},"end":{"line":34,"column":null}}]}},"s":{"0":12,"1":12,"2":0,"3":12,"4":0,"5":1,"6":1,"7":0,"8":0},"f":{"0":0,"1":0,"2":0,"3":0},"b":{"0":[0,0],"1":[0],"2":[0,0],"3":[18,0]}}
,"/home/runner/work/dx-engine/dx-engine/apps/web/src/components/atoms/WindowCloseButton.vue": {"path":"/home/runner/work/dx-engine/dx-engine/apps/web/src/components/atoms/WindowCloseButton.vue","statementMap":{"0":{"start":{"line":34,"column":14},"end":{"line":34,"column":null}},"1":{"start":{"line":38,"column":13},"end":{"line":38,"column":null}},"2":{"start":{"line":40,"column":20},"end":{"line":44,"column":null}},"3":{"start":{"line":41,"column":2},"end":{"line":43,"column":null}},"4":{"start":{"line":42,"column":4},"end":{"line":42,"column":null}}},"fnMap":{"0":{"name":"(anonymous_1)","decl":{"start":{"line":40,"column":20},"end":{"line":40,"column":26}},"loc":{"start":{"line":40,"column":26},"end":{"line":44,"column":null}}}},"branchMap":{"0":{"loc":{"start":{"line":41,"column":2},"end":{"line":43,"column":null}},"type":"if","locations":[{"start":{"line":41,"column":2},"end":{"line":43,"column":null}},{"start":{},"end":{}}]},"1":{"loc":{"start":{"line":6,"column":12},"end":{"line":6,"column":null}},"type":"binary-expr","locations":[{"start":{"line":6,"column":12},"end":{"line":6,"column":null}}]}},"s":{"0":17,"1":17,"2":17,"3":2,"4":2},"f":{"0":2},"b":{"0":[2,0],"1":[17]}}
,"/home/runner/work/dx-engine/dx-engine/apps/web/src/components/atoms/WindowMaximizeButton.vue": {"path":"/home/runner/work/dx-engine/dx-engine/apps/web/src/components/atoms/WindowMaximizeButton.vue","statementMap":{"0":{"start":{"line":69,"column":14},"end":{"line":69,"column":null}},"1":{"start":{"line":74,"column":13},"end":{"line":74,"column":null}},"2":{"start":{"line":76,"column":20},"end":{"line":80,"column":null}},"3":{"start":{"line":77,"column":2},"end":{"line":79,"column":null}},"4":{"start":{"line":78,"column":4},"end":{"line":78,"column":null}}},"fnMap":{"0":{"name":"(anonymous_1)","decl":{"start":{"line":76,"column":20},"end":{"line":76,"column":26}},"loc":{"start":{"line":76,"column":26},"end":{"line":80,"column":null}}}},"branchMap":{"0":{"loc":{"start":{"line":77,"column":2},"end":{"line":79,"column":null}},"type":"if","locations":[{"start":{"line":77,"column":2},"end":{"line":79,"column":null}},{"start":{},"end":{}}]},"1":{"loc":{"start":{"line":4,"column":17},"end":{"line":4,"column":null}},"type":"cond-expr","locations":[{"start":{"line":4,"column":28},"end":{"line":4,"column":null}},{"start":{"line":4,"column":28},"end":{"line":4,"column":null}}]},"2":{"loc":{"start":{"line":10,"column":13},"end":{"line":29,"column":null}},"type":"cond-expr","locations":[{"start":{"line":10,"column":13},"end":{"line":29,"column":null}}]},"3":{"loc":{"start":{"line":26,"column":10},"end":{"line":29,"column":null}},"type":"binary-expr","locations":[{"start":{"line":26,"column":10},"end":{"line":26,"column":null}},{"start":{"line":26,"column":10},"end":{"line":29,"column":null}}]},"4":{"loc":{"start":{"line":28,"column":4},"end":{"line":28,"column":null}},"type":"binary-expr","locations":[{"start":{"line":28,"column":4},"end":{"line":28,"column":null}}]}},"s":{"0":17,"1":17,"2":17,"3":2,"4":2},"f":{"0":2},"b":{"0":[2,0],"1":[1,16],"2":[16],"3":[16,16],"4":[1]}}
,"/home/runner/work/dx-engine/dx-engine/apps/web/src/components/atoms/WindowMinimizeButton.vue": {"path":"/home/runner/work/dx-engine/dx-engine/apps/web/src/components/atoms/WindowMinimizeButton.vue","statementMap":{"0":{"start":{"line":37,"column":14},"end":{"line":37,"column":null}},"1":{"start":{"line":41,"column":13},"end":{"line":41,"column":null}},"2":{"start":{"line":43,"column":20},"end":{"line":47,"column":null}},"3":{"start":{"line":44,"column":2},"end":{"line":46,"column":null}},"4":{"start":{"line":45,"column":4},"end":{"line":45,"column":null}}},"fnMap":{"0":{"name":"(anonymous_1)","decl":{"start":{"line":43,"column":20},"end":{"line":43,"column":26}},"loc":{"start":{"line":43,"column":26},"end":{"line":47,"column":null}}}},"branchMap":{"0":{"loc":{"start":{"line":44,"column":2},"end":{"line":46,"column":null}},"type":"if","locations":[{"start":{"line":44,"column":2},"end":{"line":46,"column":null}},{"start":{},"end":{}}]},"1":{"loc":{"start":{"line":6,"column":12},"end":{"line":6,"column":null}},"type":"binary-expr","locations":[{"start":{"line":6,"column":12},"end":{"line":6,"column":null}}]}},"s":{"0":17,"1":17,"2":17,"3":2,"4":2},"f":{"0":2},"b":{"0":[2,0],"1":[17]}}
,"/home/runner/work/dx-engine/dx-engine/apps/web/src/components/atoms/icons/ArrowRight.vue": {"path":"/home/runner/work/dx-engine/dx-engine/apps/web/src/components/atoms/icons/ArrowRight.vue","statementMap":{"0":{"start":{"line":2,"column":2},"end":{"line":11,"column":30}}},"fnMap":{},"branchMap":{"0":{"loc":{"start":{"line":12,"column":8},"end":{"line":11,"column":30}},"type":"binary-expr","locations":[{"start":{"line":12,"column":8},"end":{"line":12,"column":null}},{"start":{"line":12,"column":8},"end":{"line":11,"column":30}}]}},"s":{"0":3},"f":{},"b":{"0":[3,3]}}
,"/home/runner/work/dx-engine/dx-engine/apps/web/src/components/atoms/icons/Code.vue": {"path":"/home/runner/work/dx-engine/dx-engine/apps/web/src/components/atoms/icons/Code.vue","statementMap":{"0":{"start":{"line":2,"column":2},"end":{"line":11,"column":39}}},"fnMap":{},"branchMap":{"0":{"loc":{"start":{"line":12,"column":8},"end":{"line":11,"column":39}},"type":"binary-expr","locations":[{"start":{"line":12,"column":8},"end":{"line":12,"column":null}},{"start":{"line":12,"column":8},"end":{"line":11,"column":39}}]}},"s":{"0":3},"f":{},"b":{"0":[3,3]}}
,"/home/runner/work/dx-engine/dx-engine/apps/web/src/components/atoms/icons/Eye.vue": {"path":"/home/runner/work/dx-engine/dx-engine/apps/web/src/components/atoms/icons/Eye.vue","statementMap":{},"fnMap":{},"branchMap":{"0":{"loc":{"start":{"line":12,"column":8},"end":{"line":12,"column":null}},"type":"binary-expr","locations":[{"start":{"line":12,"column":8},"end":{"line":12,"column":null}}]}},"s":{},"f":{},"b":{"0":[26]}}
,"/home/runner/work/dx-engine/dx-engine/apps/web/src/components/atoms/icons/GitBranch.vue": {"path":"/home/runner/work/dx-engine/dx-engine/apps/web/src/components/atoms/icons/GitBranch.vue","statementMap":{"0":{"start":{"line":2,"column":2},"end":{"line":13,"column":36}}},"fnMap":{},"branchMap":{"0":{"loc":{"start":{"line":14,"column":8},"end":{"line":13,"column":36}},"type":"binary-expr","locations":[{"start":{"line":14,"column":8},"end":{"line":14,"column":null}},{"start":{"line":14,"column":8},"end":{"line":13,"column":36}}]}},"s":{"0":3},"f":{},"b":{"0":[3,3]}}
,"/home/runner/work/dx-engine/dx-engine/apps/web/src/components/atoms/icons/Menu.vue": {"path":"/home/runner/work/dx-engine/dx-engine/apps/web/src/components/atoms/icons/Menu.vue","statementMap":{},"fnMap":{},"branchMap":{"0":{"loc":{"start":{"line":13,"column":8},"end":{"line":13,"column":null}},"type":"binary-expr","locations":[{"start":{"line":13,"column":8},"end":{"line":13,"column":null}}]}},"s":{},"f":{},"b":{"0":[26]}}
,"/home/runner/work/dx-engine/dx-engine/apps/web/src/components/atoms/icons/Moon.vue": {"path":"/home/runner/work/dx-engine/dx-engine/apps/web/src/components/atoms/icons/Moon.vue","statementMap":{"0":{"start":{"line":2,"column":2},"end":{"line":11,"column":null}}},"fnMap":{},"branchMap":{"0":{"loc":{"start":{"line":13,"column":8},"end":{"line":11,"column":null}},"type":"binary-expr","locations":[{"start":{"line":13,"column":8},"end":{"line":13,"column":null}},{"start":{"line":13,"column":8},"end":{"line":11,"column":null}}]}},"s":{"0":3},"f":{},"b":{"0":[3,3]}}
,"/home/runner/work/dx-engine/dx-engine/apps/web/src/components/atoms/icons/Play.vue": {"path":"/home/runner/work/dx-engine/dx-engine/apps/web/src/components/atoms/icons/Play.vue","statementMap":{},"fnMap":{},"branchMap":{"0":{"loc":{"start":{"line":14,"column":8},"end":{"line":14,"column":null}},"type":"binary-expr","locations":[{"start":{"line":14,"column":8},"end":{"line":14,"column":null}}]}},"s":{},"f":{},"b":{"0":[26]}}
,"/home/runner/work/dx-engine/dx-engine/apps/web/src/components/atoms/icons/Square.vue": {"path":"/home/runner/work/dx-engine/dx-engine/apps/web/src/components/atoms/icons/Square.vue","statementMap":{},"fnMap":{},"branchMap":{"0":{"loc":{"start":{"line":14,"column":8},"end":{"line":14,"column":null}},"type":"binary-expr","locations":[{"start":{"line":14,"column":8},"end":{"line":14,"column":null}}]}},"s":{},"f":{},"b":{"0":[26]}}
,"/home/runner/work/dx-engine/dx-engine/apps/web/src/components/atoms/icons/Sun.vue": {"path":"/home/runner/work/dx-engine/dx-engine/apps/web/src/components/atoms/icons/Sun.vue","statementMap":{"0":{"start":{"line":2,"column":2},"end":{"line":12,"column":null}}},"fnMap":{},"branchMap":{"0":{"loc":{"start":{"line":14,"column":8},"end":{"line":12,"column":null}},"type":"binary-expr","locations":[{"start":{"line":14,"column":8},"end":{"line":14,"column":null}},{"start":{"line":14,"column":8},"end":{"line":12,"column":null}}]}},"s":{"0":3},"f":{},"b":{"0":[3,3]}}
,"/home/runner/work/dx-engine/dx-engine/apps/web/src/components/atoms/icons/Terminal.vue": {"path":"/home/runner/work/dx-engine/dx-engine/apps/web/src/components/atoms/icons/Terminal.vue","statementMap":{},"fnMap":{},"branchMap":{"0":{"loc":{"start":{"line":12,"column":8},"end":{"line":12,"column":null}},"type":"binary-expr","locations":[{"start":{"line":12,"column":8},"end":{"line":12,"column":null}}]}},"s":{},"f":{},"b":{"0":[26]}}
,"/home/runner/work/dx-engine/dx-engine/apps/web/src/components/atoms/icons/Timeline.vue": {"path":"/home/runner/work/dx-engine/dx-engine/apps/web/src/components/atoms/icons/Timeline.vue","statementMap":{},"fnMap":{},"branchMap":{"0":{"loc":{"start":{"line":9,"column":4},"end":{"line":9,"column":null}},"type":"binary-expr","locations":[{"start":{"line":9,"column":4},"end":{"line":9,"column":null}}]},"1":{"loc":{"start":{"line":19,"column":4},"end":{"line":19,"column":null}},"type":"binary-expr","locations":[{"start":{"line":19,"column":4},"end":{"line":19,"column":null}}]},"2":{"loc":{"start":{"line":21,"column":4},"end":{"line":21,"column":12}},"type":"binary-expr","locations":[{"start":{"line":21,"column":4},"end":{"line":21,"column":12}}]},"3":{"loc":{"start":{"line":22,"column":4},"end":{"line":22,"column":12}},"type":"binary-expr","locations":[{"start":{"line":22,"column":4},"end":{"line":22,"column":12}}]},"4":{"loc":{"start":{"line":24,"column":4},"end":{"line":24,"column":null}},"type":"binary-expr","locations":[{"start":{"line":24,"column":4},"end":{"line":24,"column":null}}]},"5":{"loc":{"start":{"line":33,"column":4},"end":{"line":33,"column":null}},"type":"binary-expr","locations":[{"start":{"line":33,"column":4},"end":{"line":33,"column":null}}]},"6":{"loc":{"start":{"line":41,"column":4},"end":{"line":41,"column":null}},"type":"binary-expr","locations":[{"start":{"line":41,"column":4},"end":{"line":41,"column":null}}]}},"s":{},"f":{},"b":{"0":[26],"1":[26],"2":[26],"3":[26],"4":[26],"5":[26],"6":[26]}}
,"/home/runner/work/dx-engine/dx-engine/apps/web/src/components/atoms/icons/X.vue": {"path":"/home/runner/work/dx-engine/dx-engine/apps/web/src/components/atoms/icons/X.vue","statementMap":{"0":{"start":{"line":2,"column":2},"end":{"line":11,"column":27}}},"fnMap":{},"branchMap":{"0":{"loc":{"start":{"line":12,"column":8},"end":{"line":11,"column":27}},"type":"binary-expr","locations":[{"start":{"line":12,"column":8},"end":{"line":12,"column":null}},{"start":{"line":12,"column":8},"end":{"line":11,"column":27}}]}},"s":{"0":3},"f":{},"b":{"0":[3,3]}}
,"/home/runner/work/dx-engine/dx-engine/apps/web/src/components/molecules/AdaptiveBreadcrumb.vue": {"path":"/home/runner/work/dx-engine/dx-engine/apps/web/src/components/molecules/AdaptiveBreadcrumb.vue","statementMap":{"0":{"start":{"line":73,"column":14},"end":{"line":73,"column":null}},"1":{"start":{"line":81,"column":21},"end":{"line":85,"column":null}},"2":{"start":{"line":82,"column":2},"end":{"line":82,"column":null}},"3":{"start":{"line":82,"column":23},"end":{"line":82,"column":null}},"4":{"start":{"line":84,"column":2},"end":{"line":84,"column":null}},"5":{"start":{"line":84,"column":55},"end":{"line":84,"column":73}},"6":{"start":{"line":2,"column":7},"end":{"line":2,"column":null}},"7":{"start":{"line":7,"column":14},"end":{"line":7,"column":null}},"8":{"start":{"line":15,"column":11},"end":{"line":15,"column":null}},"9":{"start":{"line":17,"column":14},"end":{"line":17,"column":null}},"10":{"start":{"line":25,"column":11},"end":{"line":25,"column":null}},"11":{"start":{"line":26,"column":13},"end":{"line":26,"column":null}},"12":{"start":{"line":35,"column":18},"end":{"line":35,"column":42}},"13":{"start":{"line":46,"column":11},"end":{"line":46,"column":null}},"14":{"start":{"line":47,"column":13},"end":{"line":47,"column":null}},"15":{"start":{"line":50,"column":13},"end":{"line":50,"column":null}},"16":{"start":{"line":52,"column":16},"end":{"line":52,"column":39}}},"fnMap":{"0":{"name":"(anonymous_1)","decl":{"start":{"line":81,"column":30},"end":{"line":81,"column":36}},"loc":{"start":{"line":81,"column":36},"end":{"line":85,"column":1}}},"1":{"name":"(anonymous_2)","decl":{"start":{"line":84,"column":42},"end":{"line":84,"column":43}},"loc":{"start":{"line":84,"column":55},"end":{"line":84,"column":73}}}},"branchMap":{"0":{"loc":{"start":{"line":82,"column":2},"end":{"line":82,"column":null}},"type":"if","locations":[{"start":{"line":82,"column":2},"end":{"line":82,"column":null}},{"start":{},"end":{}}]},"1":{"loc":{"start":{"line":4,"column":31},"end":{"line":8,"column":null}},"type":"cond-expr","locations":[{"start":{"line":4,"column":31},"end":{"line":8,"column":null}}]},"2":{"loc":{"start":{"line":8,"column":10},"end":{"line":8,"column":null}},"type":"binary-expr","locations":[{"start":{"line":8,"column":10},"end":{"line":8,"column":21}},{"start":{"line":8,"column":21},"end":{"line":8,"column":null}}]},"3":{"loc":{"start":{"line":14,"column":36},"end":{"line":24,"column":36}},"type":"cond-expr","locations":[{"start":{"line":14,"column":36},"end":{"line":24,"column":36}}]},"4":{"loc":{"start":{"line":18,"column":10},"end":{"line":18,"column":null}},"type":"binary-expr","locations":[{"start":{"line":18,"column":10},"end":{"line":18,"column":20}},{"start":{"line":18,"column":20},"end":{"line":18,"column":null}}]},"5":{"loc":{"start":{"line":24,"column":36},"end":{"line":45,"column":null}},"type":"cond-expr","locations":[{"start":{"line":24,"column":36},"end":{"line":45,"column":null}}]},"6":{"loc":{"start":{"line":27,"column":13},"end":{"line":27,"column":null}},"type":"binary-expr","locations":[{"start":{"line":27,"column":13},"end":{"line":27,"column":24}},{"start":{"line":27,"column":24},"end":{"line":27,"column":null}}]},"7":{"loc":{"start":{"line":36,"column":24},"end":{"line":37,"column":null}},"type":"cond-expr","locations":[{"start":{"line":36,"column":51},"end":{"line":37,"column":null}},{"start":{"line":37,"column":16},"end":{"line":37,"column":null}}]},"8":{"loc":{"start":{"line":48,"column":13},"end":{"line":48,"column":null}},"type":"binary-expr","locations":[{"start":{"line":48,"column":13},"end":{"line":48,"column":24}},{"start":{"line":48,"column":24},"end":{"line":48,"column":null}}]},"9":{"loc":{"start":{"line":52,"column":39},"end":{"line":52,"column":68}},"type":"binary-expr","locations":[{"start":{"line":52,"column":39},"end":{"line":52,"column":48}},{"start":{"line":52,"column":48},"end":{"line":52,"column":68}}]}},"s":{"0":12,"1":12,"2":0,"3":0,"4":0,"5":0,"6":1,"7":1,"8":1,"9":1,"10":1,"11":1,"12":1,"13":1,"14":1,"15":1,"16":1},"f":{"0":0,"1":0},"b":{"0":[0,0],"1":[13],"2":[13,13],"3":[2],"4":[2,2],"5":[1],"6":[1,1],"7":[0,0],"8":[1,1],"9":[1,1]}}
[...]
nd":{"line":139,"column":null}},"41":{"start":{"line":141,"column":8},"end":{"line":141,"column":null}},"42":{"start":{"line":143,"column":53},"end":{"line":147,"column":null}},"43":{"start":{"line":150,"column":8},"end":{"line":152,"column":null}},"44":{"start":{"line":154,"column":8},"end":{"line":154,"column":null}},"45":{"start":{"line":155,"column":8},"end":{"line":157,"column":null}},"46":{"start":{"line":159,"column":8},"end":{"line":161,"column":null}},"47":{"start":{"line":160,"column":10},"end":{"line":160,"column":null}},"48":{"start":{"line":166,"column":21},"end":{"line":166,"column":null}},"49":{"start":{"line":167,"column":43},"end":{"line":175,"column":null}},"50":{"start":{"line":177,"column":4},"end":{"line":182,"column":null}},"51":{"start":{"line":178,"column":6},"end":{"line":180,"column":null}},"52":{"start":{"line":181,"column":6},"end":{"line":181,"column":null}},"53":{"start":{"line":184,"column":4},"end":{"line":184,"column":null}},"54":{"start":{"line":193,"column":17},"end":{"line":193,"column":null}},"55":{"start":{"line":195,"column":4},"end":{"line":245,"column":null}},"56":{"start":{"line":197,"column":26},"end":{"line":197,"column":null}},"57":{"start":{"line":198,"column":18},"end":{"line":198,"column":null}},"58":{"start":{"line":200,"column":6},"end":{"line":200,"column":null}},"59":{"start":{"line":201,"column":6},"end":{"line":204,"column":null}},"60":{"start":{"line":207,"column":6},"end":{"line":209,"column":null}},"61":{"start":{"line":212,"column":29},"end":{"line":220,"column":null}},"62":{"start":{"line":213,"column":25},"end":{"line":215,"column":null}},"63":{"start":{"line":216,"column":8},"end":{"line":219,"column":null}},"64":{"start":{"line":217,"column":23},"end":{"line":217,"column":37}},"65":{"start":{"line":218,"column":28},"end":{"line":218,"column":47}},"66":{"start":{"line":222,"column":6},"end":{"line":227,"column":null}},"67":{"start":{"line":223,"column":8},"end":{"line":226,"column":null}},"68":{"start":{"line":229,"column":6},"end":{"line":234,"column":null}},"69":{"start":{"line":236,"column":6},"end":{"line":238,"column":null}},"70":{"start":{"line":237,"column":8},"end":{"line":237,"column":null}},"71":{"start":{"line":240,"column":6},"end":{"line":244,"column":null}},"72":{"start":{"line":252,"column":4},"end":{"line":257,"column":null}},"73":{"start":{"line":253,"column":6},"end":{"line":256,"column":null}},"74":{"start":{"line":259,"column":4},"end":{"line":264,"column":null}},"75":{"start":{"line":260,"column":6},"end":{"line":263,"column":null}},"76":{"start":{"line":266,"column":4},"end":{"line":271,"column":null}},"77":{"start":{"line":267,"column":6},"end":{"line":270,"column":null}},"78":{"start":{"line":278,"column":4},"end":{"line":278,"column":null}},"79":{"start":{"line":278,"column":36},"end":{"line":278,"column":59}},"80":{"start":{"line":285,"column":4},"end":{"line":287,"column":null}},"81":{"start":{"line":286,"column":6},"end":{"line":286,"column":null}},"82":{"start":{"line":294,"column":4},"end":{"line":310,"column":null}},"83":{"start":{"line":295,"column":6},"end":{"line":298,"column":null}},"84":{"start":{"line":296,"column":8},"end":{"line":296,"column":null}},"85":{"start":{"line":297,"column":8},"end":{"line":297,"column":null}},"86":{"start":{"line":300,"column":6},"end":{"line":303,"column":null}},"87":{"start":{"line":301,"column":8},"end":{"line":301,"column":null}},"88":{"start":{"line":302,"column":8},"end":{"line":302,"column":null}},"89":{"start":{"line":305,"column":6},"end":{"line":305,"column":null}},"90":{"start":{"line":307,"column":6},"end":{"line":309,"column":null}}},"fnMap":{"0":{"name":"(anonymous_0)","decl":{"start":{"line":28,"column":2},"end":{"line":28,"column":null}},"loc":{"start":{"line":31,"column":4},"end":{"line":33,"column":null}}},"1":{"name":"(anonymous_1)","decl":{"start":{"line":38,"column":2},"end":{"line":38,"column":16}},"loc":{"start":{"line":38,"column":50},"end":{"line":55,"column":null}}},"2":{"name":"(anonymous_2)","decl":{"start":{"line":60,"column":2},"end":{"line":60,"column":16}},"loc":{"start":{"line":60,"column":54},"end":{"line":78,"column":null}}},"3":{"name":"(anonymous_3)","decl":{"start":{"line":64,"column":33},"end":{"line":64,"column":39}},"loc":{"start":{"line":64,"column":39},"end":{"line":68,"column":7}}},"4":{"name":"(anonymous_4)","decl":{"start":{"line":83,"column":2},"end":{"line":83,"column":16}},"loc":{"start":{"line":83,"column":44},"end":{"line":105,"column":null}}},"5":{"name":"(anonymous_5)","decl":{"start":{"line":90,"column":28},"end":{"line":90,"column":29}},"loc":{"start":{"line":90,"column":39},"end":{"line":92,"column":7}}},"6":{"name":"(anonymous_6)","decl":{"start":{"line":94,"column":32},"end":{"line":94,"column":33}},"loc":{"start":{"line":94,"column":43},"end":{"line":96,"column":7}}},"7":{"name":"(anonymous_7)","decl":{"start":{"line":116,"column":2},"end":{"line":116,"column":8}},"loc":{"start":{"line":120,"column":41},"end":{"line":185,"column":null}}},"8":{"name":"(anonymous_8)","decl":{"start":{"line":190,"column":2},"end":{"line":190,"column":16}},"loc":{"start":{"line":192,"column":62},"end":{"line":246,"column":null}}},"9":{"name":"(anonymous_9)","decl":{"start":{"line":212,"column":49},"end":{"line":212,"column":55}},"loc":{"start":{"line":212,"column":55},"end":{"line":220,"column":7}}},"10":{"name":"(anonymous_10)","decl":{"start":{"line":217,"column":15},"end":{"line":217,"column":16}},"loc":{"start":{"line":217,"column":23},"end":{"line":217,"column":37}}},"11":{"name":"(anonymous_11)","decl":{"start":{"line":218,"column":18},"end":{"line":218,"column":19}},"loc":{"start":{"line":218,"column":28},"end":{"line":218,"column":47}}},"12":{"name":"(anonymous_12)","decl":{"start":{"line":251,"column":10},"end":{"line":251,"column":37}},"loc":{"start":{"line":251,"column":72},"end":{"line":272,"column":null}}},"13":{"name":"(anonymous_13)","decl":{"start":{"line":277,"column":10},"end":{"line":277,"column":16}},"loc":{"start":{"line":277,"column":43},"end":{"line":279,"column":null}}},"14":{"name":"(anonymous_14)","decl":{"start":{"line":278,"column":23},"end":{"line":278,"column":24}},"loc":{"start":{"line":278,"column":36},"end":{"line":278,"column":59}}},"15":{"name":"(anonymous_15)","decl":{"start":{"line":284,"column":10},"end":{"line":284,"column":14}},"loc":{"start":{"line":284,"column":37},"end":{"line":288,"column":null}}},"16":{"name":"(anonymous_16)","decl":{"start":{"line":293,"column":2},"end":{"line":293,"column":8}},"loc":{"start":{"line":293,"column":31},"end":{"line":311,"column":null}}}},"branchMap":{"0":{"loc":{"start":{"line":29,"column":4},"end":{"line":29,"column":null}},"type":"default-arg","locations":[{"start":{"line":29,"column":37},"end":{"line":29,"column":null}}]},"1":{"loc":{"start":{"line":30,"column":21},"end":{"line":30,"column":null}},"type":"default-arg","locations":[{"start":{"line":30,"column":55},"end":{"line":30,"column":null}}]},"2":{"loc":{"start":{"line":39,"column":4},"end":{"line":42,"column":null}},"type":"if","locations":[{"start":{"line":39,"column":4},"end":{"line":42,"column":null}},{"start":{},"end":{}}]},"3":{"loc":{"start":{"line":39,"column":8},"end":{"line":39,"column":53}},"type":"binary-expr","locations":[{"start":{"line":39,"column":8},"end":{"line":39,"column":24}},{"start":{"line":39,"column":24},"end":{"line":39,"column":53}}]},"4":{"loc":{"start":{"line":44,"column":4},"end":{"line":46,"column":null}},"type":"if","locations":[{"start":{"line":44,"column":4},"end":{"line":46,"column":null}},{"start":{},"end":{}}]},"5":{"loc":{"start":{"line":48,"column":4},"end":{"line":50,"column":null}},"type":"if","locations":[{"start":{"line":48,"column":4},"end":{"line":50,"column":null}},{"start":{},"end":{}}]},"6":{"loc":{"start":{"line":86,"column":4},"end":{"line":102,"column":null}},"type":"if","locations":[{"start":{"line":86,"column":4},"end":{"line":102,"column":null}},{"start":{},"end":{}}]},"7":{"loc":{"start":{"line":86,"column":8},"end":{"line":86,"column":44}},"type":"binary-expr","locations":[{"start":{"line":86,"column":8},"end":{"line":86,"column":22}},{"start":{"line":86,"column":22},"end":{"line":86,"column":44}}]},"8":{"loc":{"start":{"line":118,"column":4},"end":{"line":118,"column":null}},"type":"default-arg","locations":[{"start":{"line":118,"column":19},"end":{"line":118,"column":null}}]},"9":{"loc":{"start":{"line":119,"column":4},"end":{"line":119,"column":null}},"type":"default-arg","locations":[{"start":{"line":119,"column":21},"end":{"line":119,"column":null}}]},"10":{"loc":{"start":{"line":125,"column":6},"end":{"line":127,"column":null}},"type":"cond-expr","locations":[{"start":{"line":126,"column":10},"end":{"line":126,"column":null}},{"start":{"line":127,"column":10},"end":{"line":127,"column":null}}]},"11":{"loc":{"start":{"line":150,"column":15},"end":{"line":152,"column":null}},"type":"cond-expr","locations":[{"start":{"line":151,"column":12},"end":{"line":151,"column":null}},{"start":{"line":152,"column":12},"end":{"line":152,"column":null}}]},"12":{"loc":{"start":{"line":156,"column":52},"end":{"line":156,"column":108}},"type":"cond-expr","locations":[{"start":{"line":156,"column":77},"end":{"line":156,"column":93}},{"start":{"line":156,"column":93},"end":{"line":156,"column":108}}]},"13":{"loc":{"start":{"line":159,"column":8},"end":{"line":161,"column":null}},"type":"if","locations":[{"start":{"line":159,"column":8},"end":{"line":161,"column":null}},{"start":{},"end":{}}]},"14":{"loc":{"start":{"line":173,"column":13},"end":{"line":173,"column":null}},"type":"cond-expr","locations":[{"start":{"line":173,"column":42},"end":{"line":173,"column":62}},{"start":{"line":173,"column":62},"end":{"line":173,"column":null}}]},"15":{"loc":{"start":{"line":177,"column":4},"end":{"line":182,"column":null}},"type":"if","locations":[{"start":{"line":177,"column":4},"end":{"line":182,"column":null}},{"start":{},"end":{}}]},"16":{"loc":{"start":{"line":218,"column":28},"end":{"line":218,"column":47}},"type":"binary-expr","locations":[{"start":{"line":218,"column":28},"end":{"line":218,"column":36}},{"start":{"line":218,"column":36},"end":{"line":218,"column":47}}]},"17":{"loc":{"start":{"line":222,"column":6},"end":{"line":227,"column":null}},"type":"if","locations":[{"start":{"line":222,"column":6},"end":{"line":227,"column":null}},{"start":{},"end":{}}]},"18":{"loc":{"start":{"line":222,"column":10},"end":{"line":222,"column":59}},"type":"binary-expr","locations":[{"start":{"line":222,"column":10},"end":{"line":222,"column":29}},{"start":{"line":222,"column":29},"end":{"line":222,"column":59}}]},"19":{"loc":{"start":{"line":236,"column":6},"end":{"line":238,"column":null}},"type":"if","locations":[{"start":{"line":236,"column":6},"end":{"line":238,"column":null}},{"start":{},"end":{}}]},"20":{"loc":{"start":{"line":241,"column":31},"end":{"line":241,"column":87}},"type":"cond-expr","locations":[{"start":{"line":241,"column":56},"end":{"line":241,"column":72}},{"start":{"line":241,"column":72},"end":{"line":241,"column":87}}]},"21":{"loc":{"start":{"line":252,"column":4},"end":{"line":257,"column":null}},"type":"if","locations":[{"start":{"line":252,"column":4},"end":{"line":257,"column":null}},{"start":{},"end":{}}]},"22":{"loc":{"start":{"line":252,"column":8},"end":{"line":252,"column":53}},"type":"binary-expr","locations":[{"start":{"line":252,"column":8},"end":{"line":252,"column":25}},{"start":{"line":252,"column":25},"end":{"line":252,"column":53}}]},"23":{"loc":{"start":{"line":259,"column":4},"end":{"line":264,"column":null}},"type":"if","locations":[{"start":{"line":259,"column":4},"end":{"line":264,"column":null}},{"start":{},"end":{}}]},"24":{"loc":{"start":{"line":266,"column":4},"end":{"line":271,"column":null}},"type":"if","locations":[{"start":{"line":266,"column":4},"end":{"line":271,"column":null}},{"start":{},"end":{}}]},"25":{"loc":{"start":{"line":266,"column":8},"end":{"line":266,"column":38}},"type":"binary-expr","locations":[{"start":{"line":266,"column":8},"end":{"line":266,"column":25}},{"start":{"line":266,"column":25},"end":{"line":266,"column":38}}]},"26":{"loc":{"start":{"line":285,"column":4},"end":{"line":287,"column":null}},"type":"if","locations":[{"start":{"line":285,"column":4},"end":{"line":287,"column":null}},{"start":{},"end":{}}]},"27":{"loc":{"start":{"line":295,"column":6},"end":{"line":298,"column":null}},"type":"if","locations":[{"start":{"line":295,"column":6},"end":{"line":298,"column":null}},{"start":{},"end":{}}]},"28":{"loc":{"start":{"line":300,"column":6},"end":{"line":303,"column":null}},"type":"if","locations":[{"start":{"line":300,"column":6},"end":{"line":303,"column":null}},{"start":{},"end":{}}]},"29":{"loc":{"start":{"line":308,"column":34},"end":{"line":308,"column":90}},"type":"cond-expr","locations":[{"start":{"line":308,"column":59},"end":{"line":308,"column":75}},{"start":{"line":308,"column":75},"end":{"line":308,"column":90}}]}},"s":{"0":34,"1":34,"2":34,"3":34,"4":34,"5":39,"6":1,"7":1,"8":39,"9":8,"10":31,"11":29,"12":31,"13":30,"14":30,"15":29,"16":29,"17":28,"18":1,"19":1,"20":1,"21":28,"22":1,"23":39,"24":38,"25":31,"26":30,"27":1,"28":30,"29":1,"30":30,"31":37,"32":37,"33":37,"34":37,"35":32,"36":32,"37":39,"38":39,"39":39,"40":23,"41":23,"42":23,"43":23,"44":16,"45":16,"46":16,"47":7,"48":9,"49":9,"50":9,"51":7,"52":7,"53":2,"54":39,"55":37,"56":37,"57":37,"58":37,"59":37,"60":33,"61":32,"62":1,"63":1,"64":6,"65":6,"66":29,"67":6,"68":23,"69":14,"70":6,"71":8,"72":37,"73":2,"74":35,"75":1,"76":34,"77":2,"78":7,"79":7,"80":128,"81":12,"82":3,"83":3,"84":2,"85":1,"86":2,"87":1,"88":1,"89":2,"90":1},"f":{"0":34,"1":39,"2":29,"3":1,"4":39,"5":1,"6":1,"7":37,"8":39,"9":1,"10":6,"11":6,"12":37,"13":7,"14":7,"15":128,"16":3},"b":{"0":[0],"1":[0],"2":[1,38],"3":[39,9],"4":[8,31],"5":[29,2],"6":[31,7],"7":[38,8],"8":[3],"9":[3],"10":[34,3],"11":[22,1],"12":[16,0],"13":[7,9],"14":[9,0],"15":[7,2],"16":[6,4],"17":[6,23],"18":[29,23],"19":[6,8],"20":[8,0],"21":[2,35],"22":[37,36],"23":[1,34],"24":[2,32],"25":[34,33],"26":[12,116],"27":[2,1],"28":[1,1],"29":[1,0]}}
,"/home/runner/work/dx-engine/dx-engine/universal/puppeteer-google-translate/src/index.ts": {"path":"/home/runner/work/dx-engine/dx-engine/universal/puppeteer-google-translate/src/index.ts","statementMap":{"0":{"start":{"line":36,"column":21},"end":{"line":36,"column":null}},"1":{"start":{"line":37,"column":2},"end":{"line":41,"column":null}},"2":{"start":{"line":38,"column":4},"end":{"line":38,"column":null}},"3":{"start":{"line":40,"column":4},"end":{"line":40,"column":null}}},"fnMap":{"0":{"name":"translateText","decl":{"start":{"line":31,"column":22},"end":{"line":31,"column":null}},"loc":{"start":{"line":35,"column":19},"end":{"line":42,"column":null}}}},"branchMap":{"0":{"loc":{"start":{"line":33,"column":2},"end":{"line":33,"column":null}},"type":"default-arg","locations":[{"start":{"line":33,"column":17},"end":{"line":33,"column":null}}]},"1":{"loc":{"start":{"line":34,"column":2},"end":{"line":34,"column":null}},"type":"default-arg","locations":[{"start":{"line":34,"column":19},"end":{"line":34,"column":null}}]}},"s":{"0":11,"1":11,"2":11,"3":11},"f":{"0":11},"b":{"0":[3],"1":[4]}}
,"/home/runner/work/dx-engine/dx-engine/universal/puppeteer-google-translate/src/factories/BrowserFactory.ts": {"path":"/home/runner/work/dx-engine/dx-engine/universal/puppeteer-google-translate/src/factories/BrowserFactory.ts","statementMap":{"0":{"start":{"line":16,"column":4},"end":{"line":24,"column":null}},"1":{"start":{"line":17,"column":6},"end":{"line":17,"column":null}},"2":{"start":{"line":19,"column":6},"end":{"line":23,"column":null}},"3":{"start":{"line":31,"column":4},"end":{"line":67,"column":null}},"4":{"start":{"line":32,"column":25},"end":{"line":32,"column":null}},"5":{"start":{"line":34,"column":22},"end":{"line":51,"column":null}},"6":{"start":{"line":54,"column":6},"end":{"line":58,"column":null}},"7":{"start":{"line":55,"column":8},"end":{"line":57,"column":null}},"8":{"start":{"line":56,"column":10},"end":{"line":56,"column":null}},"9":{"start":{"line":60,"column":6},"end":{"line":60,"column":null}},"10":{"start":{"line":62,"column":6},"end":{"line":66,"column":null}},"11":{"start":{"line":75,"column":22},"end":{"line":75,"column":44}},"12":{"start":{"line":78,"column":4},"end":{"line":78,"column":null}},"13":{"start":{"line":82,"column":4},"end":{"line":82,"column":null}}},"fnMap":{"0":{"name":"(anonymous_0)","decl":{"start":{"line":15,"column":2},"end":{"line":15,"column":26}},"loc":{"start":{"line":15,"column":26},"end":{"line":25,"column":null}}},"1":{"name":"(anonymous_1)","decl":{"start":{"line":30,"column":2},"end":{"line":30,"column":8}},"loc":{"start":{"line":30,"column":72},"end":{"line":68,"column":null}}},"2":{"name":"(anonymous_2)","decl":{"start":{"line":54,"column":33},"end":{"line":54,"column":39}},"loc":{"start":{"line":54,"column":39},"end":{"line":58,"column":7}}},"3":{"name":"(anonymous_3)","decl":{"start":{"line":75,"column":2},"end":{"line":75,"column":22}},"loc":{"start":{"line":75,"column":44},"end":{"line":75,"column":null}}},"4":{"name":"(anonymous_4)","decl":{"start":{"line":77,"column":2},"end":{"line":77,"column":26}},"loc":{"start":{"line":77,"column":26},"end":{"line":79,"column":null}}},"5":{"name":"(anonymous_5)","decl":{"start":{"line":81,"column":2},"end":{"line":81,"column":8}},"loc":{"start":{"line":81,"column":42},"end":{"line":83,"column":null}}}},"branchMap":{"0":{"loc":{"start":{"line":36,"column":18},"end":{"line":36,"column":null}},"type":"binary-expr","locations":[{"start":{"line":36,"column":18},"end":{"line":36,"column":37}},{"start":{"line":36,"column":37},"end":{"line":36,"column":null}}]},"1":{"loc":{"start":{"line":37,"column":16},"end":{"line":37,"column":null}},"type":"binary-expr","locations":[{"start":{"line":37,"column":16},"end":{"line":37,"column":33}},{"start":{"line":37,"column":33},"end":{"line":37,"column":null}}]},"2":{"loc":{"start":{"line":55,"column":8},"end":{"line":57,"column":null}},"type":"if","locations":[{"start":{"line":55,"column":8},"end":{"line":57,"column":null}},{"start":{},"end":{}}]},"3":{"loc":{"start":{"line":63,"column":37},"end":{"line":63,"column":93}},"type":"cond-expr","locations":[{"start":{"line":63,"column":62},"end":{"line":63,"column":78}},{"start":{"line":63,"column":78},"end":{"line":63,"column":93}}]}},"s":{"0":13,"1":13,"2":2,"3":10,"4":10,"5":10,"6":7,"7":2,"8":1,"9":7,"10":3,"11":3,"12":1,"13":1},"f":{"0":13,"1":10,"2":2,"3":3,"4":1,"5":1},"b":{"0":[10,8],"1":[10,8],"2":[1,1],"3":[2,1]}}
,"/home/runner/work/dx-engine/dx-engine/universal/puppeteer-google-translate/src/types/index.ts": {"path":"/home/runner/work/dx-engine/dx-engine/universal/puppeteer-google-translate/src/types/index.ts","statementMap":{"0":{"start":{"line":82,"column":4},"end":{"line":82,"column":null}},"1":{"start":{"line":79,"column":20},"end":{"line":79,"column":null}},"2":{"start":{"line":80,"column":20},"end":{"line":80,"column":null}},"3":{"start":{"line":83,"column":4},"end":{"line":83,"column":null}},"4":{"start":{"line":93,"column":4},"end":{"line":93,"column":null}},"5":{"start":{"line":90,"column":20},"end":{"line":90,"column":null}},"6":{"start":{"line":91,"column":20},"end":{"line":91,"column":null}},"7":{"start":{"line":94,"column":4},"end":{"line":94,"column":null}},"8":{"start":{"line":101,"column":64},"end":{"line":108,"column":null}},"9":{"start":{"line":113,"column":27},"end":{"line":122,"column":null}}},"fnMap":{"0":{"name":"(anonymous_0)","decl":{"start":{"line":77,"column":2},"end":{"line":77,"column":null}},"loc":{"start":{"line":81,"column":4},"end":{"line":84,"column":null}}},"1":{"name":"(anonymous_1)","decl":{"start":{"line":88,"column":2},"end":{"line":88,"column":null}},"loc":{"start":{"line":92,"column":4},"end":{"line":95,"column":null}}}},"branchMap":{},"s":{"0":23,"1":23,"2":23,"3":23,"4":4,"5":4,"6":4,"7":4,"8":4,"9":4},"f":{"0":23,"1":4},"b":{}}
}
